2025-12-02 11:55:04,192 [INFO] WebApp:194 - Connection lost
2025-12-02 11:55:04,356 [ERROR] LogOutputStream:75 - [STDERR_REDIRECT] [Fatal Error] :1:1: Premature end of file.
2025-12-02 11:55:04,357 [ERROR] LogOutputStream:75 - [STDERR_REDIRECT] 
2025-12-02 11:55:04,443 [ERROR] LogOutputStream:75 - [STDERR_REDIRECT] [Fatal Error] :1:1: Premature end of file.
2025-12-02 11:55:04,444 [ERROR] LogOutputStream:75 - [STDERR_REDIRECT] 
2025-12-02 11:55:04,528 [ERROR] LogOutputStream:75 - [STDERR_REDIRECT] [Fatal Error] :1:1: Premature end of file.
2025-12-02 11:55:04,528 [ERROR] LogOutputStream:75 - [STDERR_REDIRECT] 
2025-12-02 11:55:04,617 [ERROR] LogOutputStream:75 - [STDERR_REDIRECT] [Fatal Error] :1:1: Premature end of file.
2025-12-02 11:55:04,617 [ERROR] LogOutputStream:75 - [STDERR_REDIRECT] 
2025-12-02 11:55:04,713 [ERROR] LogOutputStream:75 - [STDERR_REDIRECT] [Fatal Error] :1:1: Premature end of file.
2025-12-02 11:55:04,713 [ERROR] LogOutputStream:75 - [STDERR_REDIRECT] 
2025-12-02 11:55:04,799 [ERROR] LogOutputStream:75 - [STDERR_REDIRECT] [Fatal Error] :1:1: Premature end of file.
2025-12-02 11:55:04,799 [ERROR] LogOutputStream:75 - [STDERR_REDIRECT] 
2025-12-02 11:55:04,895 [ERROR] LogOutputStream:75 - [STDERR_REDIRECT] [Fatal Error] :1:1: Premature end of file.
2025-12-02 11:55:04,896 [ERROR] LogOutputStream:75 - [STDERR_REDIRECT] 
2025-12-02 11:55:04,983 [ERROR] LogOutputStream:75 - [STDERR_REDIRECT] [Fatal Error] :1:1: Premature end of file.
2025-12-02 11:55:04,983 [ERROR] LogOutputStream:75 - [STDERR_REDIRECT] 
2025-12-02 11:55:05,065 [ERROR] LogOutputStream:75 - [STDERR_REDIRECT] [Fatal Error] :1:1: Premature end of file.
2025-12-02 11:55:05,065 [ERROR] LogOutputStream:75 - [STDERR_REDIRECT] 
2025-12-02 11:55:05,147 [ERROR] LogOutputStream:75 - [STDERR_REDIRECT] [Fatal Error] :1:1: Premature end of file.
2025-12-02 11:55:05,147 [ERROR] LogOutputStream:75 - [STDERR_REDIRECT] 
2025-12-02 11:55:05,238 [ERROR] LogOutputStream:75 - [STDERR_REDIRECT] [Fatal Error] :1:1: Premature end of file.
2025-12-02 11:55:05,238 [ERROR] LogOutputStream:75 - [STDERR_REDIRECT] 
2025-12-02 11:55:05,330 [ERROR] LogOutputStream:75 - [STDERR_REDIRECT] [Fatal Error] :1:1: Premature end of file.
2025-12-02 11:55:05,331 [ERROR] LogOutputStream:75 - [STDERR_REDIRECT] 
2025-12-02 11:55:05,411 [ERROR] LogOutputStream:75 - [STDERR_REDIRECT] [Fatal Error] :1:1: Premature end of file.
2025-12-02 11:55:05,411 [ERROR] LogOutputStream:75 - [STDERR_REDIRECT] 
2025-12-02 11:55:05,480 [INFO] WebApp:191 - Connection restablished
2025-12-02 11:55:05,489 [ERROR] LogOutputStream:75 - [STDERR_REDIRECT] [Fatal Error] :1:1: Premature end of file.
2025-12-02 11:55:05,490 [ERROR] LogOutputStream:75 - [STDERR_REDIRECT] 
2025-12-02 11:55:05,568 [ERROR] LogOutputStream:75 - [STDERR_REDIRECT] [Fatal Error] :1:1: Premature end of file.
2025-12-02 11:55:05,568 [ERROR] LogOutputStream:75 - [STDERR_REDIRECT] 
2025-12-02 11:55:05,655 [ERROR] LogOutputStream:75 - [STDERR_REDIRECT] [Fatal Error] :1:1: Premature end of file.
2025-12-02 11:55:05,655 [ERROR] LogOutputStream:75 - [STDERR_REDIRECT] 
2025-12-02 11:55:05,734 [ERROR] LogOutputStream:75 - [STDERR_REDIRECT] [Fatal Error] :1:1: Premature end of file.
2025-12-02 11:55:05,734 [ERROR] LogOutputStream:75 - [STDERR_REDIRECT] 
2025-12-02 11:55:05,811 [ERROR] LogOutputStream:75 - [STDERR_REDIRECT] [Fatal Error] :1:1: Premature end of file.
2025-12-02 11:55:05,811 [ERROR] LogOutputStream:75 - [STDERR_REDIRECT] 
2025-12-02 11:55:05,889 [ERROR] LogOutputStream:75 - [STDERR_REDIRECT] [Fatal Error] :1:1: Premature end of file.
2025-12-02 11:55:05,889 [ERROR] LogOutputStream:75 - [STDERR_REDIRECT] 
2025-12-02 11:55:05,964 [ERROR] LogOutputStream:75 - [STDERR_REDIRECT] [Fatal Error] :1:1: Premature end of file.
2025-12-02 11:55:05,964 [ERROR] LogOutputStream:75 - [STDERR_REDIRECT] 
2025-12-02 11:55:06,036 [ERROR] LogOutputStream:75 - [STDERR_REDIRECT] [Fatal Error] :1:1: Premature end of file.
2025-12-02 11:55:06,036 [ERROR] LogOutputStream:75 - [STDERR_REDIRECT] 
2025-12-02 11:55:06,110 [ERROR] LogOutputStream:75 - [STDERR_REDIRECT] [Fatal Error] :1:1: Premature end of file.
2025-12-02 11:55:06,110 [ERROR] LogOutputStream:75 - [STDERR_REDIRECT] 
2025-12-02 11:55:06,196 [ERROR] LogOutputStream:75 - [STDERR_REDIRECT] [Fatal Error] :1:1: Premature end of file.
2025-12-02 11:55:06,196 [ERROR] LogOutputStream:75 - [STDERR_REDIRECT] 
2025-12-02 11:55:06,269 [ERROR] LogOutputStream:75 - [STDERR_REDIRECT] [Fatal Error] :1:1: Premature end of file.
2025-12-02 11:55:06,269 [ERROR] LogOutputStream:75 - [STDERR_REDIRECT] 
2025-12-02 11:55:06,343 [ERROR] LogOutputStream:75 - [STDERR_REDIRECT] [Fatal Error] :1:1: Premature end of file.
2025-12-02 11:55:06,343 [ERROR] LogOutputStream:75 - [STDERR_REDIRECT] 
2025-12-02 11:55:06,418 [ERROR] LogOutputStream:75 - [STDERR_REDIRECT] [Fatal Error] :1:1: Premature end of file.
2025-12-02 11:55:06,418 [ERROR] LogOutputStream:75 - [STDERR_REDIRECT] 
2025-12-02 11:55:06,491 [ERROR] LogOutputStream:75 - [STDERR_REDIRECT] [Fatal Error] :1:1: Premature end of file.
2025-12-02 11:55:06,491 [ERROR] LogOutputStream:75 - [STDERR_REDIRECT] 
2025-12-02 11:55:06,576 [ERROR] LogOutputStream:75 - [STDERR_REDIRECT] [Fatal Error] :1:1: Premature end of file.
2025-12-02 11:55:06,576 [ERROR] LogOutputStream:75 - [STDERR_REDIRECT] 
2025-12-02 11:55:06,654 [ERROR] LogOutputStream:75 - [STDERR_REDIRECT] [Fatal Error] :1:1: Premature end of file.
2025-12-02 11:55:06,654 [ERROR] LogOutputStream:75 - [STDERR_REDIRECT] 
2025-12-02 11:55:06,732 [ERROR] LogOutputStream:75 - [STDERR_REDIRECT] [Fatal Error] :1:1: Premature end of file.
2025-12-02 11:55:06,732 [ERROR] LogOutputStream:75 - [STDERR_REDIRECT] 
2025-12-02 11:55:06,806 [ERROR] LogOutputStream:75 - [STDERR_REDIRECT] [Fatal Error] :1:1: Premature end of file.
2025-12-02 11:55:06,807 [ERROR] LogOutputStream:75 - [STDERR_REDIRECT] 
2025-12-02 11:55:06,876 [ERROR] LogOutputStream:75 - [STDERR_REDIRECT] [Fatal Error] :1:1: Premature end of file.
2025-12-02 11:55:06,876 [ERROR] LogOutputStream:75 - [STDERR_REDIRECT] 
2025-12-02 11:55:06,950 [ERROR] LogOutputStream:75 - [STDERR_REDIRECT] [Fatal Error] :1:1: Premature end of file.
2025-12-02 11:55:06,951 [ERROR] LogOutputStream:75 - [STDERR_REDIRECT] 
2025-12-02 11:55:07,020 [ERROR] LogOutputStream:75 - [STDERR_REDIRECT] [Fatal Error] :1:1: Premature end of file.
2025-12-02 11:55:07,020 [ERROR] LogOutputStream:75 - [STDERR_REDIRECT] 
2025-12-02 11:55:07,093 [ERROR] LogOutputStream:75 - [STDERR_REDIRECT] [Fatal Error] :1:1: Premature end of file.
2025-12-02 11:55:07,094 [ERROR] LogOutputStream:75 - [STDERR_REDIRECT] 
2025-12-02 11:55:07,163 [ERROR] LogOutputStream:75 - [STDERR_REDIRECT] [Fatal Error] :1:1: Premature end of file.
2025-12-02 11:55:07,163 [ERROR] LogOutputStream:75 - [STDERR_REDIRECT] 
2025-12-02 11:55:07,233 [ERROR] LogOutputStream:75 - [STDERR_REDIRECT] [Fatal Error] :1:1: Premature end of file.
2025-12-02 11:55:07,233 [ERROR] LogOutputStream:75 - [STDERR_REDIRECT] 
2025-12-02 11:55:07,299 [ERROR] LogOutputStream:75 - [STDERR_REDIRECT] [Fatal Error] :1:1: Premature end of file.
2025-12-02 11:55:07,300 [ERROR] LogOutputStream:75 - [STDERR_REDIRECT] 
2025-12-02 11:55:07,367 [ERROR] LogOutputStream:75 - [STDERR_REDIRECT] [Fatal Error] :1:1: Premature end of file.
2025-12-02 11:55:07,367 [ERROR] LogOutputStream:75 - [STDERR_REDIRECT] 
2025-12-02 11:55:07,433 [ERROR] LogOutputStream:75 - [STDERR_REDIRECT] [Fatal Error] :1:1: Premature end of file.
2025-12-02 11:55:07,433 [ERROR] LogOutputStream:75 - [STDERR_REDIRECT] 
2025-12-02 11:55:07,497 [ERROR] LogOutputStream:75 - [STDERR_REDIRECT] [Fatal Error] :1:1: Premature end of file.
2025-12-02 11:55:07,498 [ERROR] LogOutputStream:75 - [STDERR_REDIRECT] 
2025-12-02 11:55:07,592 [ERROR] LogOutputStream:75 - [STDERR_REDIRECT] [Fatal Error] :1:1: Premature end of file.
2025-12-02 11:55:07,592 [ERROR] LogOutputStream:75 - [STDERR_REDIRECT] 
2025-12-02 11:55:07,664 [ERROR] LogOutputStream:75 - [STDERR_REDIRECT] [Fatal Error] :1:1: Premature end of file.
2025-12-02 11:55:07,664 [ERROR] LogOutputStream:75 - [STDERR_REDIRECT] 
2025-12-02 11:55:07,734 [ERROR] LogOutputStream:75 - [STDERR_REDIRECT] [Fatal Error] :1:1: Premature end of file.
2025-12-02 11:55:07,735 [ERROR] LogOutputStream:75 - [STDERR_REDIRECT] 
2025-12-02 11:55:07,806 [ERROR] LogOutputStream:75 - [STDERR_REDIRECT] [Fatal Error] :1:1: Premature end of file.
2025-12-02 11:55:07,806 [ERROR] LogOutputStream:75 - [STDERR_REDIRECT] 
2025-12-02 11:55:07,893 [ERROR] LogOutputStream:75 - [STDERR_REDIRECT] [Fatal Error] :1:1: Premature end of file.
2025-12-02 11:55:07,894 [ERROR] LogOutputStream:75 - [STDERR_REDIRECT] 
2025-12-02 11:55:07,967 [ERROR] LogOutputStream:75 - [STDERR_REDIRECT] [Fatal Error] :1:1: Premature end of file.
2025-12-02 11:55:07,967 [ERROR] LogOutputStream:75 - [STDERR_REDIRECT] 
2025-12-02 11:55:08,048 [ERROR] LogOutputStream:75 - [STDERR_REDIRECT] [Fatal Error] :1:1: Premature end of file.
2025-12-02 11:55:08,049 [ERROR] LogOutputStream:75 - [STDERR_REDIRECT] 
2025-12-02 11:55:08,138 [ERROR] LogOutputStream:75 - [STDERR_REDIRECT] [Fatal Error] :1:1: Premature end of file.
2025-12-02 11:55:08,138 [ERROR] LogOutputStream:75 - [STDERR_REDIRECT] 
2025-12-02 11:55:08,211 [ERROR] LogOutputStream:75 - [STDERR_REDIRECT] [Fatal Error] :1:1: Premature end of file.
2025-12-02 11:55:08,211 [ERROR] LogOutputStream:75 - [STDERR_REDIRECT] 
2025-12-02 11:55:08,284 [ERROR] LogOutputStream:75 - [STDERR_REDIRECT] [Fatal Error] :1:1: Premature end of file.
2025-12-02 11:55:08,284 [ERROR] LogOutputStream:75 - [STDERR_REDIRECT] 
2025-12-02 11:55:08,367 [ERROR] LogOutputStream:75 - [STDERR_REDIRECT] [Fatal Error] :1:1: Premature end of file.
2025-12-02 11:55:08,367 [ERROR] LogOutputStream:75 - [STDERR_REDIRECT] 
2025-12-02 11:55:08,448 [ERROR] LogOutputStream:75 - [STDERR_REDIRECT] [Fatal Error] :1:1: Premature end of file.
2025-12-02 11:55:08,448 [ERROR] LogOutputStream:75 - [STDERR_REDIRECT] 
2025-12-02 11:55:08,534 [ERROR] LogOutputStream:75 - [STDERR_REDIRECT] [Fatal Error] :1:1: Premature end of file.
2025-12-02 11:55:08,534 [ERROR] LogOutputStream:75 - [STDERR_REDIRECT] 
2025-12-02 11:55:08,603 [ERROR] LogOutputStream:75 - [STDERR_REDIRECT] [Fatal Error] :1:1: Premature end of file.
2025-12-02 11:55:08,603 [ERROR] LogOutputStream:75 - [STDERR_REDIRECT] 
2025-12-02 11:55:08,718 [ERROR] LogOutputStream:75 - [STDERR_REDIRECT] [Fatal Error] :1:1: Premature end of file.
2025-12-02 11:55:08,718 [ERROR] LogOutputStream:75 - [STDERR_REDIRECT] 
2025-12-02 11:55:08,814 [ERROR] LogOutputStream:75 - [STDERR_REDIRECT] [Fatal Error] :1:1: Premature end of file.
2025-12-02 11:55:08,814 [ERROR] LogOutputStream:75 - [STDERR_REDIRECT] 
2025-12-02 11:55:08,883 [ERROR] LogOutputStream:75 - [STDERR_REDIRECT] [Fatal Error] :1:1: Premature end of file.
2025-12-02 11:55:08,883 [ERROR] LogOutputStream:75 - [STDERR_REDIRECT] 
2025-12-02 11:55:08,953 [ERROR] LogOutputStream:75 - [STDERR_REDIRECT] [Fatal Error] :1:1: Premature end of file.
2025-12-02 11:55:08,953 [ERROR] LogOutputStream:75 - [STDERR_REDIRECT] 
2025-12-02 11:55:09,027 [ERROR] LogOutputStream:75 - [STDERR_REDIRECT] [Fatal Error] :1:1: Premature end of file.
2025-12-02 11:55:09,027 [ERROR] LogOutputStream:75 - [STDERR_REDIRECT] 
2025-12-02 11:55:09,134 [ERROR] LogOutputStream:75 - [STDERR_REDIRECT] [Fatal Error] :1:1: Premature end of file.
2025-12-02 11:55:09,134 [ERROR] LogOutputStream:75 - [STDERR_REDIRECT] 
2025-12-02 11:55:09,276 [ERROR] LogOutputStream:75 - [STDERR_REDIRECT] [Fatal Error] :1:1: Premature end of file.
2025-12-02 11:55:09,277 [ERROR] LogOutputStream:75 - [STDERR_REDIRECT] 
2025-12-02 11:55:09,376 [ERROR] LogOutputStream:75 - [STDERR_REDIRECT] [Fatal Error] :1:1: Premature end of file.
2025-12-02 11:55:09,380 [ERROR] LogOutputStream:75 - [STDERR_REDIRECT] 
2025-12-02 11:55:09,498 [ERROR] LogOutputStream:75 - [STDERR_REDIRECT] [Fatal Error] :1:1: Premature end of file.
2025-12-02 11:55:09,499 [ERROR] LogOutputStream:75 - [STDERR_REDIRECT] 
2025-12-02 11:55:09,618 [ERROR] LogOutputStream:75 - [STDERR_REDIRECT] [Fatal Error] :1:1: Premature end of file.
2025-12-02 11:55:09,618 [ERROR] LogOutputStream:75 - [STDERR_REDIRECT] 
2025-12-02 11:55:09,692 [ERROR] LogOutputStream:75 - [STDERR_REDIRECT] [Fatal Error] :1:1: Premature end of file.
2025-12-02 11:55:09,692 [ERROR] LogOutputStream:75 - [STDERR_REDIRECT] 
2025-12-02 11:55:09,829 [ERROR] LogOutputStream:75 - [STDERR_REDIRECT] [Fatal Error] :1:1: Premature end of file.
2025-12-02 11:55:09,829 [ERROR] LogOutputStream:75 - [STDERR_REDIRECT] 
2025-12-02 11:55:09,955 [ERROR] LogOutputStream:75 - [STDERR_REDIRECT] [Fatal Error] :1:1: Premature end of file.
2025-12-02 11:55:09,956 [ERROR] LogOutputStream:75 - [STDERR_REDIRECT] 
2025-12-02 11:55:10,077 [ERROR] LogOutputStream:75 - [STDERR_REDIRECT] [Fatal Error] :1:1: Premature end of file.
2025-12-02 11:55:10,079 [ERROR] LogOutputStream:75 - [STDERR_REDIRECT] 
2025-12-02 11:55:10,254 [ERROR] LogOutputStream:75 - [STDERR_REDIRECT] [Fatal Error] :1:1: Premature end of file.
2025-12-02 11:55:10,255 [ERROR] LogOutputStream:75 - [STDERR_REDIRECT] 
2025-12-02 11:55:10,384 [ERROR] LogOutputStream:75 - [STDERR_REDIRECT] [Fatal Error] :1:1: Premature end of file.
2025-12-02 11:55:10,387 [ERROR] LogOutputStream:75 - [STDERR_REDIRECT] 
2025-12-02 11:55:10,497 [ERROR] LogOutputStream:75 - [STDERR_REDIRECT] [Fatal Error] :1:1: Premature end of file.
2025-12-02 11:55:10,499 [ERROR] LogOutputStream:75 - [STDERR_REDIRECT] 
2025-12-02 11:55:10,640 [ERROR] LogOutputStream:75 - [STDERR_REDIRECT] [Fatal Error] :1:1: Premature end of file.
2025-12-02 11:55:10,640 [ERROR] LogOutputStream:75 - [STDERR_REDIRECT] 
2025-12-02 11:55:10,747 [ERROR] LogOutputStream:75 - [STDERR_REDIRECT] [Fatal Error] :1:1: Premature end of file.
2025-12-02 11:55:10,749 [ERROR] LogOutputStream:75 - [STDERR_REDIRECT] 
2025-12-02 11:55:10,879 [ERROR] LogOutputStream:75 - [STDERR_REDIRECT] [Fatal Error] :1:1: Premature end of file.
2025-12-02 11:55:10,881 [ERROR] LogOutputStream:75 - [STDERR_REDIRECT] 
2025-12-02 11:55:10,973 [ERROR] LogOutputStream:75 - [STDERR_REDIRECT] [Fatal Error] :1:1: Premature end of file.
2025-12-02 11:55:10,975 [ERROR] LogOutputStream:75 - [STDERR_REDIRECT] 
2025-12-02 11:55:11,066 [ERROR] LogOutputStream:75 - [STDERR_REDIRECT] [Fatal Error] :1:1: Premature end of file.
2025-12-02 11:55:11,066 [ERROR] LogOutputStream:75 - [STDERR_REDIRECT] 
2025-12-02 11:55:11,157 [ERROR] LogOutputStream:75 - [STDERR_REDIRECT] [Fatal Error] :1:1: Premature end of file.
2025-12-02 11:55:11,157 [ERROR] LogOutputStream:75 - [STDERR_REDIRECT] 
2025-12-02 11:55:11,325 [ERROR] LogOutputStream:75 - [STDERR_REDIRECT] [Fatal Error] :1:1: Premature end of file.
2025-12-02 11:55:11,325 [ERROR] LogOutputStream:75 - [STDERR_REDIRECT] 
2025-12-02 11:55:11,461 [ERROR] LogOutputStream:75 - [STDERR_REDIRECT] [Fatal Error] :1:1: Premature end of file.
2025-12-02 11:55:11,462 [ERROR] LogOutputStream:75 - [STDERR_REDIRECT] 
2025-12-02 11:55:11,617 [ERROR] LogOutputStream:75 - [STDERR_REDIRECT] [Fatal Error] :1:1: Premature end of file.
2025-12-02 11:55:11,619 [ERROR] LogOutputStream:75 - [STDERR_REDIRECT] 
2025-12-02 11:55:11,649 [INFO] WebApp:403 - JxBrowser engine has been closed 
2025-12-02 11:55:11,721 [ERROR] LogOutputStream:75 - [STDERR_REDIRECT] [Fatal Error] :1:1: Premature end of file.
2025-12-02 11:55:11,721 [ERROR] LogOutputStream:75 - [STDERR_REDIRECT] 
2025-12-02 11:55:11,792 [ERROR] LogOutputStream:75 - [STDERR_REDIRECT] [Fatal Error] :1:1: Premature end of file.
2025-12-02 11:55:11,792 [ERROR] LogOutputStream:75 - [STDERR_REDIRECT] 
2025-12-02 11:55:11,867 [ERROR] LogOutputStream:75 - [STDERR_REDIRECT] [Fatal Error] :1:1: Premature end of file.
2025-12-02 11:55:11,868 [ERROR] LogOutputStream:75 - [STDERR_REDIRECT] 
2025-12-02 11:55:11,935 [ERROR] LogOutputStream:75 - [STDERR_REDIRECT] [Fatal Error] :1:1: Premature end of file.
2025-12-02 11:55:11,935 [ERROR] LogOutputStream:75 - [STDERR_REDIRECT] 
2025-12-02 11:55:12,000 [ERROR] LogOutputStream:75 - [STDERR_REDIRECT] [Fatal Error] :1:1: Premature end of file.
2025-12-02 11:55:12,000 [ERROR] LogOutputStream:75 - [STDERR_REDIRECT] 
2025-12-02 11:55:12,060 [ERROR] LogOutputStream:75 - [STDERR_REDIRECT] [Fatal Error] :1:1: Premature end of file.
2025-12-02 11:55:12,060 [ERROR] LogOutputStream:75 - [STDERR_REDIRECT] 
2025-12-02 11:55:12,111 [ERROR] LogOutputStream:75 - [STDERR_REDIRECT] [Fatal Error] :1:1: Premature end of file.
2025-12-02 11:55:12,111 [ERROR] LogOutputStream:75 - [STDERR_REDIRECT] 
2025-12-02 11:55:12,165 [ERROR] LogOutputStream:75 - [STDERR_REDIRECT] [Fatal Error] :1:1: Premature end of file.
2025-12-02 11:55:12,166 [ERROR] LogOutputStream:75 - [STDERR_REDIRECT] 
2025-12-02 11:55:12,235 [ERROR] LogOutputStream:75 - [STDERR_REDIRECT] [Fatal Error] :1:1: Premature end of file.
2025-12-02 11:55:12,235 [ERROR] LogOutputStream:75 - [STDERR_REDIRECT] 
2025-12-02 11:55:12,278 [ERROR] LogOutputStream:75 - [STDERR_REDIRECT] [Fatal Error] :1:1: Premature end of file.
2025-12-02 11:55:12,278 [ERROR] LogOutputStream:75 - [STDERR_REDIRECT] 
2025-12-02 11:55:12,324 [ERROR] LogOutputStream:75 - [STDERR_REDIRECT] [Fatal Error] :1:1: Premature end of file.
2025-12-02 11:55:12,324 [ERROR] LogOutputStream:75 - [STDERR_REDIRECT] 
2025-12-02 11:55:12,367 [ERROR] LogOutputStream:75 - [STDERR_REDIRECT] [Fatal Error] :1:1: Premature end of file.
2025-12-02 11:55:12,367 [ERROR] LogOutputStream:75 - [STDERR_REDIRECT] 
2025-12-02 11:55:12,412 [ERROR] LogOutputStream:75 - [STDERR_REDIRECT] [Fatal Error] :1:1: Premature end of file.
2025-12-02 11:55:12,412 [ERROR] LogOutputStream:75 - [STDERR_REDIRECT] 
2025-12-02 11:55:12,454 [ERROR] LogOutputStream:75 - [STDERR_REDIRECT] [Fatal Error] :1:1: Premature end of file.
2025-12-02 11:55:12,454 [ERROR] LogOutputStream:75 - [STDERR_REDIRECT] 
2025-12-02 11:55:12,495 [ERROR] LogOutputStream:75 - [STDERR_REDIRECT] [Fatal Error] :1:1: Premature end of file.
2025-12-02 11:55:12,495 [ERROR] LogOutputStream:75 - [STDERR_REDIRECT] 
2025-12-02 11:55:12,536 [ERROR] LogOutputStream:75 - [STDERR_REDIRECT] [Fatal Error] :1:1: Premature end of file.
2025-12-02 11:55:12,536 [ERROR] LogOutputStream:75 - [STDERR_REDIRECT] 
2025-12-02 11:55:12,579 [ERROR] LogOutputStream:75 - [STDERR_REDIRECT] [Fatal Error] :1:1: Premature end of file.
2025-12-02 11:55:12,579 [ERROR] LogOutputStream:75 - [STDERR_REDIRECT] 
2025-12-02 11:55:12,631 [ERROR] LogOutputStream:75 - [STDERR_REDIRECT] [Fatal Error] :1:1: Premature end of file.
2025-12-02 11:55:12,631 [ERROR] LogOutputStream:75 - [STDERR_REDIRECT] 
2025-12-02 11:55:12,677 [ERROR] LogOutputStream:75 - [STDERR_REDIRECT] [Fatal Error] :1:1: Premature end of file.
2025-12-02 11:55:12,677 [ERROR] LogOutputStream:75 - [STDERR_REDIRECT] 
2025-12-02 11:55:12,719 [ERROR] LogOutputStream:75 - [STDERR_REDIRECT] [Fatal Error] :1:1: Premature end of file.
2025-12-02 11:55:12,719 [ERROR] LogOutputStream:75 - [STDERR_REDIRECT] 
2025-12-02 11:55:12,763 [ERROR] LogOutputStream:75 - [STDERR_REDIRECT] [Fatal Error] :1:1: Premature end of file.
2025-12-02 11:55:12,763 [ERROR] LogOutputStream:75 - [STDERR_REDIRECT] 
2025-12-02 11:55:12,804 [ERROR] LogOutputStream:75 - [STDERR_REDIRECT] [Fatal Error] :1:1: Premature end of file.
2025-12-02 11:55:12,805 [ERROR] LogOutputStream:75 - [STDERR_REDIRECT] 
2025-12-02 11:55:12,843 [ERROR] LogOutputStream:75 - [STDERR_REDIRECT] [Fatal Error] :1:1: Premature end of file.
2025-12-02 11:55:12,843 [ERROR] LogOutputStream:75 - [STDERR_REDIRECT] 
2025-12-02 11:55:12,883 [ERROR] LogOutputStream:75 - [STDERR_REDIRECT] [Fatal Error] :1:1: Premature end of file.
2025-12-02 11:55:12,884 [ERROR] LogOutputStream:75 - [STDERR_REDIRECT] 
2025-12-02 11:55:12,923 [ERROR] LogOutputStream:75 - [STDERR_REDIRECT] [Fatal Error] :1:1: Premature end of file.
2025-12-02 11:55:12,923 [ERROR] LogOutputStream:75 - [STDERR_REDIRECT] 
2025-12-02 11:55:12,966 [ERROR] LogOutputStream:75 - [STDERR_REDIRECT] [Fatal Error] :1:1: Premature end of file.
2025-12-02 11:55:12,966 [ERROR] LogOutputStream:75 - [STDERR_REDIRECT] 
2025-12-02 11:55:13,005 [ERROR] LogOutputStream:75 - [STDERR_REDIRECT] [Fatal Error] :1:1: Premature end of file.
2025-12-02 11:55:13,005 [ERROR] LogOutputStream:75 - [STDERR_REDIRECT] 
2025-12-02 11:55:13,045 [ERROR] LogOutputStream:75 - [STDERR_REDIRECT] [Fatal Error] :1:1: Premature end of file.
2025-12-02 11:55:13,045 [ERROR] LogOutputStream:75 - [STDERR_REDIRECT] 
2025-12-02 11:55:13,086 [ERROR] LogOutputStream:75 - [STDERR_REDIRECT] [Fatal Error] :1:1: Premature end of file.
2025-12-02 11:55:13,086 [ERROR] LogOutputStream:75 - [STDERR_REDIRECT] 
2025-12-02 11:55:13,126 [ERROR] LogOutputStream:75 - [STDERR_REDIRECT] [Fatal Error] :1:1: Premature end of file.
2025-12-02 11:55:13,126 [ERROR] LogOutputStream:75 - [STDERR_REDIRECT] 
2025-12-02 11:55:13,163 [ERROR] LogOutputStream:75 - [STDERR_REDIRECT] [Fatal Error] :1:1: Premature end of file.
2025-12-02 11:55:13,163 [ERROR] LogOutputStream:75 - [STDERR_REDIRECT] 
2025-12-02 11:55:13,198 [ERROR] LogOutputStream:75 - [STDERR_REDIRECT] [Fatal Error] :1:1: Premature end of file.
2025-12-02 11:55:13,198 [ERROR] LogOutputStream:75 - [STDERR_REDIRECT] 
2025-12-02 11:55:13,227 [ERROR] LogOutputStream:75 - [STDERR_REDIRECT] [Fatal Error] :1:1: Premature end of file.
2025-12-02 11:55:13,227 [ERROR] LogOutputStream:75 - [STDERR_REDIRECT] 
2025-12-02 11:55:13,262 [ERROR] LogOutputStream:75 - [STDERR_REDIRECT] [Fatal Error] :1:1: Premature end of file.
2025-12-02 11:55:13,262 [ERROR] LogOutputStream:75 - [STDERR_REDIRECT] 
2025-12-02 11:55:13,296 [ERROR] LogOutputStream:75 - [STDERR_REDIRECT] [Fatal Error] :1:1: Premature end of file.
2025-12-02 11:55:13,296 [ERROR] LogOutputStream:75 - [STDERR_REDIRECT] 
2025-12-02 11:55:13,330 [ERROR] LogOutputStream:75 - [STDERR_REDIRECT] [Fatal Error] :1:1: Premature end of file.
2025-12-02 11:55:13,330 [ERROR] LogOutputStream:75 - [STDERR_REDIRECT] 
2025-12-02 11:55:13,364 [ERROR] LogOutputStream:75 - [STDERR_REDIRECT] [Fatal Error] :1:1: Premature end of file.
2025-12-02 11:55:13,364 [ERROR] LogOutputStream:75 - [STDERR_REDIRECT] 
2025-12-02 11:55:13,426 [ERROR] LogOutputStream:75 - [STDERR_REDIRECT] [Fatal Error] :1:1: Premature end of file.
2025-12-02 11:55:13,426 [ERROR] LogOutputStream:75 - [STDERR_REDIRECT] 
2025-12-02 11:55:13,460 [ERROR] LogOutputStream:75 - [STDERR_REDIRECT] [Fatal Error] :1:1: Premature end of file.
2025-12-02 11:55:13,460 [ERROR] LogOutputStream:75 - [STDERR_REDIRECT] 
2025-12-02 11:55:13,495 [ERROR] LogOutputStream:75 - [STDERR_REDIRECT] [Fatal Error] :1:1: Premature end of file.
2025-12-02 11:55:13,495 [ERROR] LogOutputStream:75 - [STDERR_REDIRECT] 
2025-12-02 11:55:13,529 [ERROR] LogOutputStream:75 - [STDERR_REDIRECT] [Fatal Error] :1:1: Premature end of file.
2025-12-02 11:55:13,529 [ERROR] LogOutputStream:75 - [STDERR_REDIRECT] 
2025-12-02 11:55:13,563 [ERROR] LogOutputStream:75 - [STDERR_REDIRECT] [Fatal Error] :1:1: Premature end of file.
2025-12-02 11:55:13,563 [ERROR] LogOutputStream:75 - [STDERR_REDIRECT] 
2025-12-02 11:55:13,599 [ERROR] LogOutputStream:75 - [STDERR_REDIRECT] [Fatal Error] :1:1: Premature end of file.
2025-12-02 11:55:13,599 [ERROR] LogOutputStream:75 - [STDERR_REDIRECT] 
2025-12-02 11:55:13,635 [ERROR] LogOutputStream:75 - [STDERR_REDIRECT] [Fatal Error] :1:1: Premature end of file.
2025-12-02 11:55:13,635 [ERROR] LogOutputStream:75 - [STDERR_REDIRECT] 
2025-12-02 11:55:13,670 [ERROR] LogOutputStream:75 - [STDERR_REDIRECT] [Fatal Error] :1:1: Premature end of file.
2025-12-02 11:55:13,670 [ERROR] LogOutputStream:75 - [STDERR_REDIRECT] 
2025-12-02 11:55:13,703 [ERROR] LogOutputStream:75 - [STDERR_REDIRECT] [Fatal Error] :1:1: Premature end of file.
2025-12-02 11:55:13,703 [ERROR] LogOutputStream:75 - [STDERR_REDIRECT] 
2025-12-02 11:55:13,741 [ERROR] LogOutputStream:75 - [STDERR_REDIRECT] [Fatal Error] :1:1: Premature end of file.
2025-12-02 11:55:13,741 [ERROR] LogOutputStream:75 - [STDERR_REDIRECT] 
2025-12-02 11:55:13,783 [ERROR] LogOutputStream:75 - [STDERR_REDIRECT] [Fatal Error] :1:1: Premature end of file.
2025-12-02 11:55:13,783 [ERROR] LogOutputStream:75 - [STDERR_REDIRECT] 
2025-12-02 11:55:13,814 [ERROR] LogOutputStream:75 - [STDERR_REDIRECT] [Fatal Error] :1:1: Premature end of file.
2025-12-02 11:55:13,814 [ERROR] LogOutputStream:75 - [STDERR_REDIRECT] 
2025-12-02 11:55:13,848 [ERROR] LogOutputStream:75 - [STDERR_REDIRECT] [Fatal Error] :1:1: Premature end of file.
2025-12-02 11:55:13,848 [ERROR] LogOutputStream:75 - [STDERR_REDIRECT] 
2025-12-02 11:55:13,884 [ERROR] LogOutputStream:75 - [STDERR_REDIRECT] [Fatal Error] :1:1: Premature end of file.
2025-12-02 11:55:13,884 [ERROR] LogOutputStream:75 - [STDERR_REDIRECT] 
2025-12-02 11:55:13,919 [ERROR] LogOutputStream:75 - [STDERR_REDIRECT] [Fatal Error] :1:1: Premature end of file.
2025-12-02 11:55:13,919 [ERROR] LogOutputStream:75 - [STDERR_REDIRECT] 
2025-12-02 11:55:13,953 [ERROR] LogOutputStream:75 - [STDERR_REDIRECT] [Fatal Error] :1:1: Premature end of file.
2025-12-02 11:55:13,953 [ERROR] LogOutputStream:75 - [STDERR_REDIRECT] 
2025-12-02 11:55:13,986 [ERROR] LogOutputStream:75 - [STDERR_REDIRECT] [Fatal Error] :1:1: Premature end of file.
2025-12-02 11:55:13,987 [ERROR] LogOutputStream:75 - [STDERR_REDIRECT] 
2025-12-02 11:55:14,021 [ERROR] LogOutputStream:75 - [STDERR_REDIRECT] [Fatal Error] :1:1: Premature end of file.
2025-12-02 11:55:14,021 [ERROR] LogOutputStream:75 - [STDERR_REDIRECT] 
2025-12-02 11:55:14,058 [ERROR] LogOutputStream:75 - [STDERR_REDIRECT] [Fatal Error] :1:1: Premature end of file.
2025-12-02 11:55:14,058 [ERROR] LogOutputStream:75 - [STDERR_REDIRECT] 
2025-12-02 11:55:14,088 [ERROR] LogOutputStream:75 - [STDERR_REDIRECT] [Fatal Error] :1:1: Premature end of file.
2025-12-02 11:55:14,088 [ERROR] LogOutputStream:75 - [STDERR_REDIRECT] 
2025-12-02 11:55:14,121 [ERROR] LogOutputStream:75 - [STDERR_REDIRECT] [Fatal Error] :1:1: Premature end of file.
2025-12-02 11:55:14,121 [ERROR] LogOutputStream:75 - [STDERR_REDIRECT] 
2025-12-02 11:55:14,158 [ERROR] LogOutputStream:75 - [STDERR_REDIRECT] [Fatal Error] :1:1: Premature end of file.
2025-12-02 11:55:14,159 [ERROR] LogOutputStream:75 - [STDERR_REDIRECT] 
2025-12-02 11:55:14,199 [ERROR] LogOutputStream:75 - [STDERR_REDIRECT] [Fatal Error] :1:1: Premature end of file.
2025-12-02 11:55:14,200 [ERROR] LogOutputStream:75 - [STDERR_REDIRECT] 
2025-12-02 11:55:14,240 [ERROR] LogOutputStream:75 - [STDERR_REDIRECT] [Fatal Error] :1:1: Premature end of file.
2025-12-02 11:55:14,240 [ERROR] LogOutputStream:75 - [STDERR_REDIRECT] 
2025-12-02 11:55:14,276 [ERROR] LogOutputStream:75 - [STDERR_REDIRECT] [Fatal Error] :1:1: Premature end of file.
2025-12-02 11:55:14,277 [ERROR] LogOutputStream:75 - [STDERR_REDIRECT] 
2025-12-02 11:55:14,315 [ERROR] LogOutputStream:75 - [STDERR_REDIRECT] [Fatal Error] :1:1: Premature end of file.
2025-12-02 11:55:14,316 [ERROR] LogOutputStream:75 - [STDERR_REDIRECT] 
2025-12-02 11:55:14,354 [ERROR] LogOutputStream:75 - [STDERR_REDIRECT] [Fatal Error] :1:1: Premature end of file.
2025-12-02 11:55:14,354 [ERROR] LogOutputStream:75 - [STDERR_REDIRECT] 
2025-12-02 11:55:14,392 [ERROR] LogOutputStream:75 - [STDERR_REDIRECT] [Fatal Error] :1:1: Premature end of file.
2025-12-02 11:55:14,392 [ERROR] LogOutputStream:75 - [STDERR_REDIRECT] 
2025-12-02 11:55:14,429 [ERROR] LogOutputStream:75 - [STDERR_REDIRECT] [Fatal Error] :1:1: Premature end of file.
2025-12-02 11:55:14,430 [ERROR] LogOutputStream:75 - [STDERR_REDIRECT] 
2025-12-02 11:55:14,466 [ERROR] LogOutputStream:75 - [STDERR_REDIRECT] [Fatal Error] :1:1: Premature end of file.
2025-12-02 11:55:14,466 [ERROR] LogOutputStream:75 - [STDERR_REDIRECT] 
2025-12-02 11:55:14,502 [ERROR] LogOutputStream:75 - [STDERR_REDIRECT] [Fatal Error] :1:1: Premature end of file.
2025-12-02 11:55:14,502 [ERROR] LogOutputStream:75 - [STDERR_REDIRECT] 
2025-12-02 11:55:14,541 [ERROR] LogOutputStream:75 - [STDERR_REDIRECT] [Fatal Error] :1:1: Premature end of file.
2025-12-02 11:55:14,541 [ERROR] LogOutputStream:75 - [STDERR_REDIRECT] 
2025-12-02 11:55:14,574 [ERROR] LogOutputStream:75 - [STDERR_REDIRECT] [Fatal Error] :1:1: Premature end of file.
2025-12-02 11:55:14,574 [ERROR] LogOutputStream:75 - [STDERR_REDIRECT] 
2025-12-02 11:55:14,606 [ERROR] LogOutputStream:75 - [STDERR_REDIRECT] [Fatal Error] :1:1: Premature end of file.
2025-12-02 11:55:14,606 [ERROR] LogOutputStream:75 - [STDERR_REDIRECT] 
2025-12-02 11:55:14,637 [ERROR] LogOutputStream:75 - [STDERR_REDIRECT] [Fatal Error] :1:1: Premature end of file.
2025-12-02 11:55:14,637 [ERROR] LogOutputStream:75 - [STDERR_REDIRECT] 
2025-12-02 11:55:14,674 [ERROR] LogOutputStream:75 - [STDERR_REDIRECT] [Fatal Error] :1:1: Premature end of file.
2025-12-02 11:55:14,674 [ERROR] LogOutputStream:75 - [STDERR_REDIRECT] 
2025-12-02 11:55:14,716 [ERROR] LogOutputStream:75 - [STDERR_REDIRECT] [Fatal Error] :1:1: Premature end of file.
2025-12-02 11:55:14,717 [ERROR] LogOutputStream:75 - [STDERR_REDIRECT] 
2025-12-02 11:55:14,756 [ERROR] LogOutputStream:75 - [STDERR_REDIRECT] [Fatal Error] :1:1: Premature end of file.
2025-12-02 11:55:14,756 [ERROR] LogOutputStream:75 - [STDERR_REDIRECT] 
2025-12-02 11:55:14,795 [ERROR] LogOutputStream:75 - [STDERR_REDIRECT] [Fatal Error] :1:1: Premature end of file.
2025-12-02 11:55:14,795 [ERROR] LogOutputStream:75 - [STDERR_REDIRECT] 
2025-12-02 11:55:14,842 [ERROR] LogOutputStream:75 - [STDERR_REDIRECT] [Fatal Error] :1:1: Premature end of file.
2025-12-02 11:55:14,842 [ERROR] LogOutputStream:75 - [STDERR_REDIRECT] 
2025-12-02 11:55:14,879 [ERROR] LogOutputStream:75 - [STDERR_REDIRECT] [Fatal Error] :1:1: Premature end of file.
2025-12-02 11:55:14,879 [ERROR] LogOutputStream:75 - [STDERR_REDIRECT] 
2025-12-02 11:55:14,913 [ERROR] LogOutputStream:75 - [STDERR_REDIRECT] [Fatal Error] :1:1: Premature end of file.
2025-12-02 11:55:14,913 [ERROR] LogOutputStream:75 - [STDERR_REDIRECT] 
2025-12-02 11:55:14,946 [ERROR] LogOutputStream:75 - [STDERR_REDIRECT] [Fatal Error] :1:1: Premature end of file.
2025-12-02 11:55:14,946 [ERROR] LogOutputStream:75 - [STDERR_REDIRECT] 
2025-12-02 11:55:14,980 [ERROR] LogOutputStream:75 - [STDERR_REDIRECT] [Fatal Error] :1:1: Premature end of file.
2025-12-02 11:55:14,980 [ERROR] LogOutputStream:75 - [STDERR_REDIRECT] 
2025-12-02 11:55:15,014 [ERROR] LogOutputStream:75 - [STDERR_REDIRECT] [Fatal Error] :1:1: Premature end of file.
2025-12-02 11:55:15,014 [ERROR] LogOutputStream:75 - [STDERR_REDIRECT] 
2025-12-02 11:55:15,049 [ERROR] LogOutputStream:75 - [STDERR_REDIRECT] [Fatal Error] :1:1: Premature end of file.
2025-12-02 11:55:15,049 [ERROR] LogOutputStream:75 - [STDERR_REDIRECT] 
2025-12-02 11:55:15,086 [ERROR] LogOutputStream:75 - [STDERR_REDIRECT] [Fatal Error] :1:1: Premature end of file.
2025-12-02 11:55:15,087 [ERROR] LogOutputStream:75 - [STDERR_REDIRECT] 
2025-12-02 11:55:15,124 [ERROR] LogOutputStream:75 - [STDERR_REDIRECT] [Fatal Error] :1:1: Premature end of file.
2025-12-02 11:55:15,124 [ERROR] LogOutputStream:75 - [STDERR_REDIRECT] 
2025-12-02 11:55:15,163 [ERROR] LogOutputStream:75 - [STDERR_REDIRECT] [Fatal Error] :1:1: Premature end of file.
2025-12-02 11:55:15,164 [ERROR] LogOutputStream:75 - [STDERR_REDIRECT] 
2025-12-02 11:55:15,202 [ERROR] LogOutputStream:75 - [STDERR_REDIRECT] [Fatal Error] :1:1: Premature end of file.
2025-12-02 11:55:15,202 [ERROR] LogOutputStream:75 - [STDERR_REDIRECT] 
2025-12-02 11:55:15,240 [ERROR] LogOutputStream:75 - [STDERR_REDIRECT] [Fatal Error] :1:1: Premature end of file.
2025-12-02 11:55:15,240 [ERROR] LogOutputStream:75 - [STDERR_REDIRECT] 
2025-12-02 11:55:15,272 [ERROR] LogOutputStream:75 - [STDERR_REDIRECT] [Fatal Error] :1:1: Premature end of file.
2025-12-02 11:55:15,272 [ERROR] LogOutputStream:75 - [STDERR_REDIRECT] 
2025-12-02 11:55:15,307 [ERROR] LogOutputStream:75 - [STDERR_REDIRECT] [Fatal Error] :1:1: Premature end of file.
2025-12-02 11:55:15,307 [ERROR] LogOutputStream:75 - [STDERR_REDIRECT] 
2025-12-02 11:55:15,346 [ERROR] LogOutputStream:75 - [STDERR_REDIRECT] [Fatal Error] :1:1: Premature end of file.
2025-12-02 11:55:15,346 [ERROR] LogOutputStream:75 - [STDERR_REDIRECT] 
2025-12-02 11:55:15,380 [ERROR] LogOutputStream:75 - [STDERR_REDIRECT] [Fatal Error] :1:1: Premature end of file.
2025-12-02 11:55:15,380 [ERROR] LogOutputStream:75 - [STDERR_REDIRECT] 
2025-12-02 11:55:15,418 [ERROR] LogOutputStream:75 - [STDERR_REDIRECT] [Fatal Error] :1:1: Premature end of file.
2025-12-02 11:55:15,418 [ERROR] LogOutputStream:75 - [STDERR_REDIRECT] 
2025-12-02 11:55:15,453 [ERROR] LogOutputStream:75 - [STDERR_REDIRECT] [Fatal Error] :1:1: Premature end of file.
2025-12-02 11:55:15,453 [ERROR] LogOutputStream:75 - [STDERR_REDIRECT] 
2025-12-02 11:55:15,491 [ERROR] LogOutputStream:75 - [STDERR_REDIRECT] [Fatal Error] :1:1: Premature end of file.
2025-12-02 11:55:15,491 [ERROR] LogOutputStream:75 - [STDERR_REDIRECT] 
2025-12-02 11:55:15,523 [ERROR] LogOutputStream:75 - [STDERR_REDIRECT] [Fatal Error] :1:1: Premature end of file.
2025-12-02 11:55:15,523 [ERROR] LogOutputStream:75 - [STDERR_REDIRECT] 
2025-12-02 11:55:15,559 [ERROR] LogOutputStream:75 - [STDERR_REDIRECT] [Fatal Error] :1:1: Premature end of file.
2025-12-02 11:55:15,559 [ERROR] LogOutputStream:75 - [STDERR_REDIRECT] 
2025-12-02 11:55:15,592 [ERROR] LogOutputStream:75 - [STDERR_REDIRECT] [Fatal Error] :1:1: Premature end of file.
2025-12-02 11:55:15,592 [ERROR] LogOutputStream:75 - [STDERR_REDIRECT] 
2025-12-02 11:55:15,632 [ERROR] LogOutputStream:75 - [STDERR_REDIRECT] [Fatal Error] :1:1: Premature end of file.
2025-12-02 11:55:15,632 [ERROR] LogOutputStream:75 - [STDERR_REDIRECT] 
2025-12-02 11:55:15,666 [ERROR] LogOutputStream:75 - [STDERR_REDIRECT] [Fatal Error] :1:1: Premature end of file.
2025-12-02 11:55:15,667 [ERROR] LogOutputStream:75 - [STDERR_REDIRECT] 
2025-12-02 11:55:15,705 [ERROR] LogOutputStream:75 - [STDERR_REDIRECT] [Fatal Error] :1:1: Premature end of file.
2025-12-02 11:55:15,706 [ERROR] LogOutputStream:75 - [STDERR_REDIRECT] 
2025-12-02 11:55:15,750 [ERROR] LogOutputStream:75 - [STDERR_REDIRECT] [Fatal Error] :1:1: Premature end of file.
2025-12-02 11:55:15,750 [ERROR] LogOutputStream:75 - [STDERR_REDIRECT] 
2025-12-02 11:55:15,792 [ERROR] LogOutputStream:75 - [STDERR_REDIRECT] [Fatal Error] :1:1: Premature end of file.
2025-12-02 11:55:15,792 [ERROR] LogOutputStream:75 - [STDERR_REDIRECT] 
2025-12-02 11:55:15,830 [ERROR] LogOutputStream:75 - [STDERR_REDIRECT] [Fatal Error] :1:1: Premature end of file.
2025-12-02 11:55:15,830 [ERROR] LogOutputStream:75 - [STDERR_REDIRECT] 
2025-12-02 11:55:15,864 [ERROR] LogOutputStream:75 - [STDERR_REDIRECT] [Fatal Error] :1:1: Premature end of file.
2025-12-02 11:55:15,865 [ERROR] LogOutputStream:75 - [STDERR_REDIRECT] 
2025-12-02 11:55:15,900 [ERROR] LogOutputStream:75 - [STDERR_REDIRECT] [Fatal Error] :1:1: Premature end of file.
2025-12-02 11:55:15,900 [ERROR] LogOutputStream:75 - [STDERR_REDIRECT] 
2025-12-02 11:55:15,935 [ERROR] LogOutputStream:75 - [STDERR_REDIRECT] [Fatal Error] :1:1: Premature end of file.
2025-12-02 11:55:15,935 [ERROR] LogOutputStream:75 - [STDERR_REDIRECT] 
2025-12-02 11:55:15,970 [ERROR] LogOutputStream:75 - [STDERR_REDIRECT] [Fatal Error] :1:1: Premature end of file.
2025-12-02 11:55:15,970 [ERROR] LogOutputStream:75 - [STDERR_REDIRECT] 
2025-12-02 11:55:16,000 [ERROR] LogOutputStream:75 - [STDERR_REDIRECT] [Fatal Error] :1:1: Premature end of file.
2025-12-02 11:55:16,000 [ERROR] LogOutputStream:75 - [STDERR_REDIRECT] 
2025-12-02 11:55:16,039 [ERROR] LogOutputStream:75 - [STDERR_REDIRECT] [Fatal Error] :1:1: Premature end of file.
2025-12-02 11:55:16,040 [ERROR] LogOutputStream:75 - [STDERR_REDIRECT] 
2025-12-02 11:55:16,074 [ERROR] LogOutputStream:75 - [STDERR_REDIRECT] [Fatal Error] :1:1: Premature end of file.
2025-12-02 11:55:16,074 [ERROR] LogOutputStream:75 - [STDERR_REDIRECT] 
2025-12-02 11:55:16,109 [ERROR] LogOutputStream:75 - [STDERR_REDIRECT] [Fatal Error] :1:1: Premature end of file.
2025-12-02 11:55:16,109 [ERROR] LogOutputStream:75 - [STDERR_REDIRECT] 
2025-12-02 11:55:16,143 [ERROR] LogOutputStream:75 - [STDERR_REDIRECT] [Fatal Error] :1:1: Premature end of file.
2025-12-02 11:55:16,143 [ERROR] LogOutputStream:75 - [STDERR_REDIRECT] 
2025-12-02 11:55:16,177 [ERROR] LogOutputStream:75 - [STDERR_REDIRECT] [Fatal Error] :1:1: Premature end of file.
2025-12-02 11:55:16,177 [ERROR] LogOutputStream:75 - [STDERR_REDIRECT] 
2025-12-02 11:55:16,212 [ERROR] LogOutputStream:75 - [STDERR_REDIRECT] [Fatal Error] :1:1: Premature end of file.
2025-12-02 11:55:16,212 [ERROR] LogOutputStream:75 - [STDERR_REDIRECT] 
2025-12-02 11:55:16,245 [ERROR] LogOutputStream:75 - [STDERR_REDIRECT] [Fatal Error] :1:1: Premature end of file.
2025-12-02 11:55:16,245 [ERROR] LogOutputStream:75 - [STDERR_REDIRECT] 
2025-12-02 11:55:16,278 [ERROR] LogOutputStream:75 - [STDERR_REDIRECT] [Fatal Error] :1:1: Premature end of file.
2025-12-02 11:55:16,278 [ERROR] LogOutputStream:75 - [STDERR_REDIRECT] 
2025-12-02 11:55:16,314 [ERROR] LogOutputStream:75 - [STDERR_REDIRECT] [Fatal Error] :1:1: Premature end of file.
2025-12-02 11:55:16,314 [ERROR] LogOutputStream:75 - [STDERR_REDIRECT] 
2025-12-02 11:55:16,351 [ERROR] LogOutputStream:75 - [STDERR_REDIRECT] [Fatal Error] :1:1: Premature end of file.
2025-12-02 11:55:16,351 [ERROR] LogOutputStream:75 - [STDERR_REDIRECT] 
2025-12-02 11:55:16,387 [ERROR] LogOutputStream:75 - [STDERR_REDIRECT] [Fatal Error] :1:1: Premature end of file.
2025-12-02 11:55:16,387 [ERROR] LogOutputStream:75 - [STDERR_REDIRECT] 
2025-12-02 11:55:16,424 [ERROR] LogOutputStream:75 - [STDERR_REDIRECT] [Fatal Error] :1:1: Premature end of file.
2025-12-02 11:55:16,424 [ERROR] LogOutputStream:75 - [STDERR_REDIRECT] 
2025-12-02 11:55:16,457 [ERROR] LogOutputStream:75 - [STDERR_REDIRECT] [Fatal Error] :1:1: Premature end of file.
2025-12-02 11:55:16,457 [ERROR] LogOutputStream:75 - [STDERR_REDIRECT] 
2025-12-02 11:55:16,490 [ERROR] LogOutputStream:75 - [STDERR_REDIRECT] [Fatal Error] :1:1: Premature end of file.
2025-12-02 11:55:16,490 [ERROR] LogOutputStream:75 - [STDERR_REDIRECT] 
