2026-01-12 00:55:27,728 [INFO] Activator:176 - 


2026-01-12 00:55:27,735 [INFO] Activator:177 - !SESSION log4j initialized
2026-01-12 00:55:34,474 [INFO] LogOutputStream:77 - [STDOUT_REDIRECT] 
2026-01-12 00:55:35,672 [INFO] ApplicationProperties:184 - Using Application install path: C:\ST\STM32CubeIDE_1.19.0\STM32CubeIDE\plugins\com.st.stm32cube.common.mx_6.15.0.202507011659
2026-01-12 00:55:35,693 [INFO] DbMcusXml:78 - Set database path to: C:\ST\STM32CubeIDE_1.19.0\STM32CubeIDE\plugins\com.st.stm32cube.common.mx_6.15.0.202507011659\\db\/mcu/
2026-01-12 00:55:35,693 [INFO] ApiDb:274 - Set plugin database path to: C:\ST\STM32CubeIDE_1.19.0\STM32CubeIDE\plugins\com.st.stm32cube.common.mx_6.15.0.202507011659\\db\/plugins/boardmanager/
2026-01-12 00:55:35,694 [WARN] ApiDb:259 - Overriding images path with different value:  => C:\ST\STM32CubeIDE_1.19.0\STM32CubeIDE\plugins\com.st.stm32cube.common.mx_6.15.0.202507011659\\db\/plugins/mcufinder/images/
2026-01-12 00:55:35,702 [INFO] ApiDb:250 - Set database path to: C:\Users\sreer\.stmcufinder\plugins\mcufinder//mcu/
2026-01-12 00:55:35,703 [INFO] DbMcusAds:125 - Set database path to: C:\Users\sreer\.stmcufinder\plugins\mcufinder//mcu/
2026-01-12 00:55:35,705 [INFO] CrossReferenceDbSqlite:203 - Set database path to: C:\Users\sreer\.stmcufinder\plugins\mcufinder//mcu/cs/
2026-01-12 00:55:35,824 [INFO] RulesReader:64 - Compatibility file has been processed (317 Rules)
2026-01-12 00:55:35,957 [INFO] DbMcusXml:78 - Set database path to: C:\ST\STM32CubeIDE_1.19.0\STM32CubeIDE\plugins\com.st.stm32cube.common.mx_6.15.0.202507011659\\db\/mcu/
2026-01-12 00:55:35,957 [INFO] ApiDb:274 - Set plugin database path to: C:\ST\STM32CubeIDE_1.19.0\STM32CubeIDE\plugins\com.st.stm32cube.common.mx_6.15.0.202507011659\\db\/plugins/boardmanager/
2026-01-12 00:55:35,957 [INFO] ApiDb:261 - Set plugin images path to: C:\ST\STM32CubeIDE_1.19.0\STM32CubeIDE\plugins\com.st.stm32cube.common.mx_6.15.0.202507011659\\db\/plugins/mcufinder/images/
2026-01-12 00:55:35,958 [WARN] DbFile:41 - Overriding database path with different value: C:\Users\sreer\.stmcufinder\plugins\mcufinder/ => C:\Users\sreer\.stmcufinder\plugins\mcufinder
2026-01-12 00:55:35,958 [INFO] ApiDb:250 - Set database path to: C:\Users\sreer\.stmcufinder\plugins\mcufinder//mcu/
2026-01-12 00:55:35,958 [WARN] DbFile:41 - Overriding database path with different value: C:\Users\sreer\.stmcufinder\plugins\mcufinder/ => C:\Users\sreer\.stmcufinder\plugins\mcufinder
2026-01-12 00:55:35,958 [INFO] DbMcusAds:125 - Set database path to: C:\Users\sreer\.stmcufinder\plugins\mcufinder//mcu/
2026-01-12 00:55:35,958 [WARN] DbFile:41 - Overriding database path with different value: C:\Users\sreer\.stmcufinder\plugins\mcufinder/ => C:\Users\sreer\.stmcufinder\plugins\mcufinder
2026-01-12 00:55:35,958 [WARN] DbFile:41 - Overriding database path with different value: C:\Users\sreer\.stmcufinder\plugins\mcufinder/ => C:\Users\sreer\.stmcufinder\plugins\mcufinder
2026-01-12 00:55:35,959 [INFO] CrossReferenceDbSqlite:203 - Set database path to: C:\Users\sreer\.stmcufinder\plugins\mcufinder//mcu/cs/
2026-01-12 00:55:36,056 [INFO] MainPanel:274 - HeapMemory: 268435456
2026-01-12 00:55:36,189 [INFO] DbMcusXml:78 - Set database path to: C:\ST\STM32CubeIDE_1.19.0\STM32CubeIDE\plugins\com.st.stm32cube.common.mx_6.15.0.202507011659\\db\/mcu/
2026-01-12 00:55:36,189 [INFO] ApiDb:274 - Set plugin database path to: C:\ST\STM32CubeIDE_1.19.0\STM32CubeIDE\plugins\com.st.stm32cube.common.mx_6.15.0.202507011659\\db\/plugins/boardmanager/
2026-01-12 00:55:36,189 [INFO] ApiDb:261 - Set plugin images path to: C:\ST\STM32CubeIDE_1.19.0\STM32CubeIDE\plugins\com.st.stm32cube.common.mx_6.15.0.202507011659\\db\/plugins/mcufinder/images/
2026-01-12 00:55:36,190 [WARN] DbFile:41 - Overriding database path with different value: C:\Users\sreer\.stmcufinder\plugins\mcufinder/ => C:\Users\sreer\.stmcufinder\plugins\mcufinder
2026-01-12 00:55:36,190 [INFO] ApiDb:250 - Set database path to: C:\Users\sreer\.stmcufinder\plugins\mcufinder//mcu/
2026-01-12 00:55:36,190 [WARN] DbFile:41 - Overriding database path with different value: C:\Users\sreer\.stmcufinder\plugins\mcufinder/ => C:\Users\sreer\.stmcufinder\plugins\mcufinder
2026-01-12 00:55:36,191 [INFO] DbMcusAds:125 - Set database path to: C:\Users\sreer\.stmcufinder\plugins\mcufinder//mcu/
2026-01-12 00:55:36,191 [WARN] DbFile:41 - Overriding database path with different value: C:\Users\sreer\.stmcufinder\plugins\mcufinder/ => C:\Users\sreer\.stmcufinder\plugins\mcufinder
2026-01-12 00:55:36,191 [WARN] DbFile:41 - Overriding database path with different value: C:\Users\sreer\.stmcufinder\plugins\mcufinder/ => C:\Users\sreer\.stmcufinder\plugins\mcufinder
2026-01-12 00:55:36,191 [INFO] CrossReferenceDbSqlite:203 - Set database path to: C:\Users\sreer\.stmcufinder\plugins\mcufinder//mcu/cs/
2026-01-12 00:55:36,216 [INFO] ApplicationProperties:184 - Using Application install path: C:\ST\STM32CubeIDE_1.19.0\STM32CubeIDE\plugins\com.st.stm32cube.common.mx_6.15.0.202507011659
2026-01-12 00:55:36,218 [INFO] PluginManage:196 - Search for loadable plugins [exclusion list=, ]
2026-01-12 00:55:36,220 [INFO] PluginManage:310 - Check plugin analytics
2026-01-12 00:55:36,501 [INFO] AnalyticsPlugin:253 - Accepted Software Licenses: STM32CubeMX.6.16.0
2026-01-12 00:55:36,502 [INFO] AnalyticsPlugin:255 - Accepted CMSIS Pack Licenses: 
2026-01-12 00:55:36,502 [INFO] AnalyticsPlugin:257 - Accepted Firmware Licenses: FW.F4.1.28.0,FW.G0.1.6.0
2026-01-12 00:55:36,508 [INFO] PluginManage:359 - Loaded plugin analytics (category:tool,tabindex:-1)
2026-01-12 00:55:36,509 [INFO] PluginManage:310 - Check plugin cadmodel
2026-01-12 00:55:36,516 [INFO] CADModel:105 - Init CAD model plugin
2026-01-12 00:55:36,516 [INFO] PluginManage:359 - Loaded plugin cadmodel (category:power,tabindex:5)
2026-01-12 00:55:36,516 [INFO] PluginManage:310 - Check plugin clock
2026-01-12 00:55:36,531 [INFO] PluginManage:359 - Loaded plugin clock (category:base,tabindex:2)
2026-01-12 00:55:36,531 [INFO] PluginManage:310 - Check plugin ddr
2026-01-12 00:55:36,536 [INFO] PluginManage:359 - Loaded plugin ddr (category:tool,tabindex:6)
2026-01-12 00:55:36,537 [INFO] PluginManage:310 - Check plugin filemanager
2026-01-12 00:55:36,733 [INFO] PluginManage:359 - Loaded plugin filemanager (category:base,tabindex:10)
2026-01-12 00:55:36,733 [INFO] PluginManage:310 - Check plugin ipmanager
2026-01-12 00:55:36,741 [INFO] PluginManage:359 - Loaded plugin ipmanager (category:base,tabindex:5)
2026-01-12 00:55:36,741 [INFO] PluginManage:310 - Check plugin lpbam
2026-01-12 00:55:36,750 [INFO] PluginManage:359 - Loaded plugin lpbam (category:base,tabindex:0)
2026-01-12 00:55:36,750 [INFO] PluginManage:310 - Check plugin memorymap
2026-01-12 00:55:36,772 [INFO] PluginManage:359 - Loaded plugin memorymap (category:base,tabindex:4)
2026-01-12 00:55:36,773 [INFO] PluginManage:310 - Check plugin pinoutandconfiguration
2026-01-12 00:55:36,780 [INFO] PluginManage:359 - Loaded plugin pinoutandconfiguration (category:base,tabindex:1)
2026-01-12 00:55:36,780 [INFO] PluginManage:310 - Check plugin pinoutconfig
2026-01-12 00:55:36,887 [WARN] SupportedApi:132 - Cannot load RTOS API schema: s4s-elt-must-match.1: The content of 'definitions' must match (annotation?, (simpleType | complexType)?, (unique | key | keyref)*)). A problem was found starting at: attribute.
2026-01-12 00:55:37,045 [INFO] PluginManage:359 - Loaded plugin pinoutconfig (category:base,tabindex:0)
2026-01-12 00:55:37,045 [INFO] PluginManage:310 - Check plugin power
2026-01-12 00:55:37,054 [INFO] PluginManage:359 - Loaded plugin power (category:power,tabindex:4)
2026-01-12 00:55:37,054 [INFO] PluginManage:310 - Check plugin projectmanager
2026-01-12 00:55:37,071 [INFO] PluginManage:359 - Loaded plugin projectmanager (category:projectmanager,tabindex:4)
2026-01-12 00:55:37,072 [INFO] PluginManage:310 - Check plugin rif
2026-01-12 00:55:37,100 [INFO] PluginManage:359 - Loaded plugin rif (category:base,tabindex:3)
2026-01-12 00:55:37,101 [INFO] PluginManage:310 - Check plugin thirdparty
2026-01-12 00:55:37,250 [INFO] PluginManage:359 - Loaded plugin thirdparty (category:base,tabindex:-1)
2026-01-12 00:55:37,250 [WARN] IntegrityCheckThread:84 - waiting for thirdparty lock release [integrity check]
2026-01-12 00:55:37,250 [INFO] PluginManage:310 - Check plugin tools
2026-01-12 00:55:37,250 [INFO] IntegrityCheckThread:86 - entering critical section [integrity check]
2026-01-12 00:55:37,250 [INFO] ThirdPartyUpdaterWithRetryManager:70 - Updater plugin not ready yet. [1/15]
2026-01-12 00:55:37,253 [INFO] PluginManage:359 - Loaded plugin tools (category:base,tabindex:7)
2026-01-12 00:55:37,254 [INFO] PluginManage:310 - Check plugin tutovideos
2026-01-12 00:55:37,511 [INFO] PluginManage:359 - Loaded plugin tutovideos (category:base,tabindex:-1)
2026-01-12 00:55:37,511 [INFO] PluginManage:310 - Check plugin updater
2026-01-12 00:55:37,536 [INFO] PluginManage:359 - Loaded plugin updater (category:base,tabindex:12)
2026-01-12 00:55:37,536 [INFO] PluginManage:310 - Check plugin userauth
2026-01-12 00:55:37,541 [INFO] UserAuth:118 - Init User Auth plugin
2026-01-12 00:55:37,542 [INFO] PluginManage:359 - Loaded plugin userauth (category:base,tabindex:14)
2026-01-12 00:55:37,543 [INFO] PluginManage:283 - PluginManage : Loaded plugins [18]
2026-01-12 00:55:37,807 [INFO] PinOutPanel:1589 - setPackage(No Configuration,No Configuration)
2026-01-12 00:55:37,896 [INFO] CADModel:165 - CPN selected for project level
2026-01-12 00:55:37,896 [INFO] CADModel:114 - Register for checkConnection events
2026-01-12 00:55:37,918 [INFO] IPUIPlugin:80 - create IPUIPlugin
2026-01-12 00:55:37,918 [INFO] PluginManager:220 - loadIPPluginJar : add adc
2026-01-12 00:55:37,921 [INFO] IPUIPlugin:80 - create IPUIPlugin
2026-01-12 00:55:37,922 [INFO] PluginManager:220 - loadIPPluginJar : add aes
2026-01-12 00:55:37,924 [INFO] IPUIPlugin:80 - create IPUIPlugin
2026-01-12 00:55:37,925 [INFO] PluginManager:220 - loadIPPluginJar : add can
2026-01-12 00:55:37,927 [INFO] IPUIPlugin:80 - create IPUIPlugin
2026-01-12 00:55:37,927 [INFO] PluginManager:220 - loadIPPluginJar : add comp
2026-01-12 00:55:37,931 [INFO] IPUIPlugin:80 - create IPUIPlugin
2026-01-12 00:55:37,931 [INFO] PluginManager:220 - loadIPPluginJar : add cryp
2026-01-12 00:55:37,934 [INFO] IPUIPlugin:80 - create IPUIPlugin
2026-01-12 00:55:37,934 [INFO] PluginManager:220 - loadIPPluginJar : add ddr_ctrl_phy
2026-01-12 00:55:37,936 [INFO] IPUIPlugin:80 - create IPUIPlugin
2026-01-12 00:55:37,936 [INFO] PluginManager:220 - loadIPPluginJar : add dfsdm
2026-01-12 00:55:37,942 [INFO] IPUIPlugin:80 - create IPUIPlugin
2026-01-12 00:55:37,943 [INFO] PluginManager:220 - loadIPPluginJar : add dma
2026-01-12 00:55:37,945 [INFO] IPUIPlugin:80 - create IPUIPlugin
2026-01-12 00:55:37,945 [INFO] PluginManager:220 - loadIPPluginJar : add dma3
2026-01-12 00:55:37,948 [INFO] IPUIPlugin:80 - create IPUIPlugin
2026-01-12 00:55:37,948 [INFO] PluginManager:220 - loadIPPluginJar : add extmemmanager
2026-01-12 00:55:37,949 [INFO] IPUIPlugin:80 - create IPUIPlugin
2026-01-12 00:55:37,949 [INFO] PluginManager:220 - loadIPPluginJar : add fatfs
2026-01-12 00:55:37,954 [INFO] IPUIPlugin:80 - create IPUIPlugin
2026-01-12 00:55:37,954 [INFO] PluginManager:220 - loadIPPluginJar : add fmc
2026-01-12 00:55:37,959 [INFO] IPUIPlugin:80 - create IPUIPlugin
2026-01-12 00:55:37,959 [INFO] PluginManager:220 - loadIPPluginJar : add freertos
2026-01-12 00:55:37,960 [INFO] IPUIPlugin:80 - create IPUIPlugin
2026-01-12 00:55:37,960 [INFO] PluginManager:220 - loadIPPluginJar : add genericplugin
2026-01-12 00:55:37,962 [INFO] IPUIPlugin:80 - create IPUIPlugin
2026-01-12 00:55:37,962 [INFO] PluginManager:220 - loadIPPluginJar : add gfxmmu
2026-01-12 00:55:37,967 [INFO] IPUIPlugin:80 - create IPUIPlugin
2026-01-12 00:55:37,967 [INFO] PluginManager:220 - loadIPPluginJar : add gic
2026-01-12 00:55:37,970 [INFO] IPUIPlugin:80 - create IPUIPlugin
2026-01-12 00:55:37,971 [INFO] PluginManager:220 - loadIPPluginJar : add gpio
2026-01-12 00:55:37,974 [INFO] IPUIPlugin:80 - create IPUIPlugin
2026-01-12 00:55:37,974 [INFO] PluginManager:220 - loadIPPluginJar : add gtzc
2026-01-12 00:55:37,976 [INFO] IPUIPlugin:80 - create IPUIPlugin
2026-01-12 00:55:37,976 [INFO] PluginManager:220 - loadIPPluginJar : add hash
2026-01-12 00:55:37,978 [INFO] IPUIPlugin:80 - create IPUIPlugin
2026-01-12 00:55:37,978 [INFO] PluginManager:220 - loadIPPluginJar : add i2c
2026-01-12 00:55:37,980 [INFO] IPUIPlugin:80 - create IPUIPlugin
2026-01-12 00:55:37,981 [INFO] PluginManager:220 - loadIPPluginJar : add i2s
2026-01-12 00:55:37,983 [INFO] IPUIPlugin:80 - create IPUIPlugin
2026-01-12 00:55:37,984 [INFO] PluginManager:220 - loadIPPluginJar : add i3c
2026-01-12 00:55:37,987 [INFO] IPUIPlugin:80 - create IPUIPlugin
2026-01-12 00:55:37,987 [INFO] PluginManager:220 - loadIPPluginJar : add ipddr
2026-01-12 00:55:37,994 [INFO] IPUIPlugin:80 - create IPUIPlugin
2026-01-12 00:55:37,994 [INFO] PluginManager:220 - loadIPPluginJar : add linkedlist
2026-01-12 00:55:37,996 [INFO] IPUIPlugin:80 - create IPUIPlugin
2026-01-12 00:55:37,997 [INFO] PluginManager:220 - loadIPPluginJar : add lorawan
2026-01-12 00:55:37,998 [INFO] IPUIPlugin:80 - create IPUIPlugin
2026-01-12 00:55:37,998 [INFO] PluginManager:220 - loadIPPluginJar : add ltdc
2026-01-12 00:55:38,002 [INFO] IPUIPlugin:80 - create IPUIPlugin
2026-01-12 00:55:38,002 [INFO] PluginManager:220 - loadIPPluginJar : add mdma
2026-01-12 00:55:38,005 [INFO] IPUIPlugin:80 - create IPUIPlugin
2026-01-12 00:55:38,005 [INFO] PluginManager:220 - loadIPPluginJar : add nvic
2026-01-12 00:55:38,008 [INFO] IPUIPlugin:80 - create IPUIPlugin
2026-01-12 00:55:38,008 [INFO] PluginManager:220 - loadIPPluginJar : add opamp
2026-01-12 00:55:38,010 [INFO] IPUIPlugin:80 - create IPUIPlugin
2026-01-12 00:55:38,011 [INFO] PluginManager:220 - loadIPPluginJar : add openamp
2026-01-12 00:55:38,018 [INFO] IPUIPlugin:80 - create IPUIPlugin
2026-01-12 00:55:38,018 [INFO] PluginManager:220 - loadIPPluginJar : add pdm2pcm
2026-01-12 00:55:38,025 [INFO] IPUIPlugin:80 - create IPUIPlugin
2026-01-12 00:55:38,027 [INFO] PluginManager:220 - loadIPPluginJar : add plateformsettings
2026-01-12 00:55:38,028 [INFO] IPUIPlugin:80 - create IPUIPlugin
2026-01-12 00:55:38,029 [INFO] PluginManager:220 - loadIPPluginJar : add quadspi
2026-01-12 00:55:38,031 [INFO] IPUIPlugin:80 - create IPUIPlugin
2026-01-12 00:55:38,032 [INFO] PluginManager:220 - loadIPPluginJar : add radio
2026-01-12 00:55:38,035 [INFO] IPUIPlugin:80 - create IPUIPlugin
2026-01-12 00:55:38,035 [INFO] PluginManager:220 - loadIPPluginJar : add resmgrutility
2026-01-12 00:55:38,039 [INFO] IPUIPlugin:80 - create IPUIPlugin
2026-01-12 00:55:38,040 [INFO] PluginManager:220 - loadIPPluginJar : add sai
2026-01-12 00:55:38,044 [INFO] IPUIPlugin:80 - create IPUIPlugin
2026-01-12 00:55:38,044 [INFO] PluginManager:220 - loadIPPluginJar : add spi
2026-01-12 00:55:38,052 [INFO] IPUIPlugin:80 - create IPUIPlugin
2026-01-12 00:55:38,052 [INFO] PluginManager:220 - loadIPPluginJar : add stm32_wpan
2026-01-12 00:55:38,054 [INFO] IPUIPlugin:80 - create IPUIPlugin
2026-01-12 00:55:38,054 [INFO] PluginManager:220 - loadIPPluginJar : add tim
2026-01-12 00:55:38,057 [INFO] IPUIPlugin:80 - create IPUIPlugin
2026-01-12 00:55:38,057 [INFO] PluginManager:220 - loadIPPluginJar : add touchsensing
2026-01-12 00:55:38,059 [INFO] IPUIPlugin:80 - create IPUIPlugin
2026-01-12 00:55:38,059 [INFO] PluginManager:220 - loadIPPluginJar : add tracer_emb
2026-01-12 00:55:38,062 [INFO] IPUIPlugin:80 - create IPUIPlugin
2026-01-12 00:55:38,062 [INFO] PluginManager:220 - loadIPPluginJar : add ts
2026-01-12 00:55:38,064 [INFO] IPUIPlugin:80 - create IPUIPlugin
2026-01-12 00:55:38,064 [INFO] PluginManager:220 - loadIPPluginJar : add tsc
2026-01-12 00:55:38,065 [INFO] IPUIPlugin:80 - create IPUIPlugin
2026-01-12 00:55:38,065 [INFO] PluginManager:220 - loadIPPluginJar : add ucpd
2026-01-12 00:55:38,068 [INFO] IPUIPlugin:80 - create IPUIPlugin
2026-01-12 00:55:38,068 [INFO] PluginManager:220 - loadIPPluginJar : add usart
2026-01-12 00:55:38,072 [INFO] IPUIPlugin:80 - create IPUIPlugin
2026-01-12 00:55:38,072 [INFO] PluginManager:220 - loadIPPluginJar : add usbx
2026-01-12 00:55:38,218 [FATAL] Updater:351 - Updater called before beeing initialized
2026-01-12 00:55:38,252 [INFO] RulesReader:64 - Compatibility file has been processed (317 Rules)
2026-01-12 00:55:38,274 [INFO] RulesReader:64 - Compatibility file has been processed (317 Rules)
2026-01-12 00:55:38,289 [INFO] CADModel:165 - CPN selected for project level
2026-01-12 00:55:38,289 [INFO] CADModel:114 - Register for checkConnection events
2026-01-12 00:55:38,289 [FATAL] Updater:351 - Updater called before beeing initialized
2026-01-12 00:55:38,289 [ERROR] CADModel:125 - Updater not yet initialized, retry later 
2026-01-12 00:55:38,497 [FATAL] Updater:351 - Updater called before beeing initialized
2026-01-12 00:55:38,499 [INFO] CADModel:165 - CPN selected for project level
2026-01-12 00:55:38,499 [INFO] CADModel:114 - Register for checkConnection events
2026-01-12 00:55:38,499 [FATAL] Updater:351 - Updater called before beeing initialized
2026-01-12 00:55:38,499 [ERROR] CADModel:125 - Updater not yet initialized, retry later 
2026-01-12 00:55:38,504 [FATAL] Updater:351 - Updater called before beeing initialized
2026-01-12 00:55:38,634 [FATAL] Updater:351 - Updater called before beeing initialized
2026-01-12 00:55:38,638 [INFO] DbMcusAds:53 - JSON generation date=Thu Jan 08 21:26:32 IST 2026 (1767887792457)
2026-01-12 00:55:38,639 [FATAL] Updater:351 - Updater called before beeing initialized
2026-01-12 00:55:38,678 [WARN] DetailPanel:346 - Failed to get advertising image, set to default
2026-01-12 00:55:38,761 [FATAL] Updater:351 - Updater called before beeing initialized
2026-01-12 00:55:38,762 [FATAL] Updater:351 - Updater called before beeing initialized
2026-01-12 00:55:38,763 [FATAL] Updater:351 - Updater called before beeing initialized
2026-01-12 00:55:38,763 [WARN] DetailPanel:346 - Failed to get advertising image, set to default
2026-01-12 00:55:38,764 [FATAL] Updater:351 - Updater called before beeing initialized
2026-01-12 00:55:38,812 [ERROR] Updater:1198 - MainUpdater not yet initialized. External WinMGr cannot be set.
2026-01-12 00:55:38,814 [INFO] Updater:1134 - Updater Version found : 6.15.0
2026-01-12 00:55:38,830 [INFO] ApplicationProperties:184 - Using Application install path: C:\ST\STM32CubeIDE_1.19.0\STM32CubeIDE\plugins\com.st.stm32cube.common.mx_6.15.0.202507011659
2026-01-12 00:55:40,253 [INFO] ThirdPartyUpdaterWithRetryManager:70 - Updater plugin not ready yet. [2/15]
2026-01-12 00:55:40,402 [ERROR] LogOutputStream:75 - [STDERR_REDIRECT] Jan 12, 2026 12:55:40 AM java.util.prefs.WindowsPreferences <init>
2026-01-12 00:55:40,403 [ERROR] LogOutputStream:75 - [STDERR_REDIRECT] WARNING: Could not open/create prefs root node Software\JavaSoft\Prefs at root 0xffffffff80000002. Windows RegCreateKeyEx(...) returned error code 5.
2026-01-12 00:55:40,403 [ERROR] LogOutputStream:75 - [STDERR_REDIRECT] 
2026-01-12 00:55:40,808 [INFO] MainUpdater:2872 - connection check result : 10
2026-01-12 00:55:40,809 [INFO] MainUpdater:289 - Updater Check For Update Now.
2026-01-12 00:55:40,809 [INFO] MicroXplorer:498 - Change Database Version : DB.6.0.150
2026-01-12 00:55:40,822 [INFO] McuFinderGlobals:63 - Set McuFinder mode to 2 (CubeIDE integrated)
2026-01-12 00:55:40,823 [INFO] UserAuth:487 - Internet connection configuration mode: 1
2026-01-12 00:55:40,868 [INFO] JxBrowserEngine:152 - Initiate JxBrowser Engine with user profile folder
2026-01-12 00:55:41,029 [INFO] CheckServerUpdateThread:120 - End of CheckServer Thread
2026-01-12 00:55:41,866 [INFO] WebApp:169 - Instantiating new browser for Auth
2026-01-12 00:55:42,830 [INFO] WebApp:463 - Apply proxy settings
2026-01-12 00:55:42,831 [INFO] WebApp:548 - Chromium requires no authentication
2026-01-12 00:55:42,852 [INFO] WebApp:491 - Direct internet connection detected
2026-01-12 00:55:42,899 [INFO] WebApp:900 - Register for checkConnection events
2026-01-12 00:55:42,899 [INFO] WebApp:463 - Apply proxy settings
2026-01-12 00:55:42,899 [INFO] WebApp:548 - Chromium requires no authentication
2026-01-12 00:55:42,900 [INFO] WebApp:491 - Direct internet connection detected
2026-01-12 00:55:43,113 [INFO] WebApp:191 - Connection restablished
2026-01-12 00:55:43,231 [INFO] WebApp:225 - Starting web application
2026-01-12 00:55:43,231 [INFO] WebApp:593 - Web application path used C:\ST\STM32CubeIDE_1.19.0\STM32CubeIDE\plugins\com.st.stm32cube.common.mx_6.15.0.202507011659\db\plugins\mcufinder\reactClient1\index.html
2026-01-12 00:55:43,377 [INFO] UserAuth:487 - Internet connection configuration mode: 1
2026-01-12 00:55:43,657 [WARN] PackLoader:240 - Cannot read IP mode file for STMicroelectronics.FP-SNS-MOTENVWB1.1.4.0
2026-01-12 00:55:43,668 [WARN] PackLoader:240 - Cannot read IP mode file for STMicroelectronics.FP-ATR-ASTRA1.2.0.2
2026-01-12 00:55:43,681 [WARN] PackLoader:240 - Cannot read IP mode file for STMicroelectronics.X-CUBE-SMBUS.2.1.0
2026-01-12 00:55:43,721 [WARN] PackLoader:240 - Cannot read IP mode file for STMicroelectronics.X-CUBE-AZRTOS-F7.1.1.0
2026-01-12 00:55:43,733 [WARN] PackLoader:240 - Cannot read IP mode file for Cesanta.I-CUBE-Mongoose.7.19.0
2026-01-12 00:55:43,739 [WARN] PackLoader:240 - Cannot read IP mode file for STMicroelectronics.FP-SNS-MOTENV1.5.1.0
2026-01-12 00:55:43,756 [WARN] PackLoader:240 - Cannot read IP mode file for WES.I-CUBE-Cesium.1.4.0
2026-01-12 00:55:43,781 [WARN] PackLoader:240 - Cannot read IP mode file for Infineon.AIROC-Wi-Fi-Bluetooth-STM32.1.7.1
2026-01-12 00:55:43,812 [WARN] PackLoader:240 - Cannot read IP mode file for STMicroelectronics.X-CUBE-AZRTOS-H7.3.4.0
2026-01-12 00:55:43,825 [WARN] PackLoader:240 - Cannot read IP mode file for STMicroelectronics.X-CUBE-DISPLAY.3.0.0
2026-01-12 00:55:43,847 [WARN] PackLoader:240 - Cannot read IP mode file for STMicroelectronics.X-CUBE-NFC10.1.0.0
2026-01-12 00:55:43,864 [WARN] PackLoader:240 - Cannot read IP mode file for STMicroelectronics.X-CUBE-ST60.1.1.0
2026-01-12 00:55:43,873 [WARN] PackLoader:240 - Cannot read IP mode file for emotas.I-CUBE-CANOPEN.1.3.0
2026-01-12 00:55:43,881 [WARN] PackLoader:240 - Cannot read IP mode file for STMicroelectronics.X-CUBE-GNSS1.7.1.0
2026-01-12 00:55:43,901 [WARN] PackLoader:240 - Cannot read IP mode file for STMicroelectronics.FP-SNS-STBOX1.2.1.0
2026-01-12 00:55:43,910 [WARN] PackLoader:240 - Cannot read IP mode file for STMicroelectronics.FP-SNS-SMARTAG2.1.2.0
2026-01-12 00:55:43,918 [WARN] PackLoader:240 - Cannot read IP mode file for STMicroelectronics.FP-SNS-FLIGHT1.5.1.0
2026-01-12 00:55:43,930 [INFO] LogOutputStream:77 - [STDOUT_REDIRECT] 1 : Invalid condition id : UX_CORESTACK_Condition cause : null
2026-01-12 00:55:43,931 [INFO] LogOutputStream:77 - [STDOUT_REDIRECT] 1 : Invalid condition id : UX_CORESTACK_Condition cause : null
2026-01-12 00:55:43,932 [INFO] LogOutputStream:77 - [STDOUT_REDIRECT] 1 : Invalid condition id : UX_CORESTACK_Condition cause : null
2026-01-12 00:55:43,934 [INFO] LogOutputStream:77 - [STDOUT_REDIRECT] 1 : Invalid condition id : UX_CORESTACK_Condition cause : null
2026-01-12 00:55:43,935 [INFO] LogOutputStream:77 - [STDOUT_REDIRECT] 1 : Invalid condition id : UX_CORESTACK_Condition cause : null
2026-01-12 00:55:43,940 [WARN] PackLoader:240 - Cannot read IP mode file for STMicroelectronics.X-CUBE-AZRTOS-WL.2.0.0
2026-01-12 00:55:43,965 [WARN] PackLoader:240 - Cannot read IP mode file for STMicroelectronics.X-CUBE-AZRTOS-H7RS.1.2.0
2026-01-12 00:55:43,975 [WARN] PackLoader:240 - Cannot read IP mode file for STMicroelectronics.X-CUBE-BLE2.3.3.0
2026-01-12 00:55:44,024 [WARN] PackLoader:240 - Cannot read IP mode file for Infineon.AIROC-Wi-Fi-Bluetooth-STM32.1.8.0
2026-01-12 00:55:44,040 [WARN] PackLoader:240 - Cannot read IP mode file for STMicroelectronics.X-CUBE-NFC9.1.0.0
2026-01-12 00:55:44,049 [WARN] PackLoader:240 - Cannot read IP mode file for wolfSSL.I-CUBE-wolfSSL.5.8.2
2026-01-12 00:55:44,057 [WARN] PackLoader:240 - Cannot read IP mode file for STMicroelectronics.X-CUBE-BLE1.7.1.0
2026-01-12 00:55:44,063 [WARN] PackLoader:240 - Cannot read IP mode file for wolfSSL.I-CUBE-wolfMQTT.1.19.2
2026-01-12 00:55:44,070 [WARN] PackLoader:240 - Cannot read IP mode file for STMicroelectronics.X-CUBE-FREERTOS.1.4.0
2026-01-12 00:55:44,078 [WARN] PackLoader:240 - Cannot read IP mode file for STMicroelectronics.X-CUBE-EEPRMA1.5.2.0
2026-01-12 00:55:44,085 [WARN] PackLoader:240 - Cannot read IP mode file for wolfSSL.I-CUBE-wolfSSL.5.8.4
2026-01-12 00:55:44,089 [WARN] PackLoader:240 - Cannot read IP mode file for Cesanta.I-CUBE-Mongoose.7.20.0
2026-01-12 00:55:44,097 [WARN] PackLoader:240 - Cannot read IP mode file for STMicroelectronics.X-CUBE-ST67W61.1.1.0
2026-01-12 00:55:44,150 [WARN] PackLoader:240 - Cannot read IP mode file for STMicroelectronics.X-CUBE-MEMS1.12.0.0
2026-01-12 00:55:44,336 [WARN] PackLoader:240 - Cannot read IP mode file for STMicroelectronics.X-CUBE-AZRTOS-G0.1.1.0
2026-01-12 00:55:44,348 [WARN] PackLoader:240 - Cannot read IP mode file for STMicroelectronics.X-CUBE-NFC4.3.0.0
2026-01-12 00:55:44,362 [WARN] PackLoader:240 - Cannot read IP mode file for EmbeddedOffice.I-CUBE-FS-RTOS.1.0.1
2026-01-12 00:55:44,373 [WARN] PackLoader:240 - Cannot read IP mode file for STMicroelectronics.X-CUBE-WB05N.2.0.0
2026-01-12 00:55:44,381 [WARN] PackLoader:240 - Cannot read IP mode file for wolfSSL.I-CUBE-wolfTPM.3.8.0
2026-01-12 00:55:44,392 [WARN] PackLoader:240 - Cannot read IP mode file for STMicroelectronics.X-CUBE-TCPP.4.2.0
2026-01-12 00:55:44,404 [WARN] PackLoader:240 - Cannot read IP mode file for RealThread.X-CUBE-RT-Thread_Nano.4.1.1
2026-01-12 00:55:44,409 [WARN] PackLoader:240 - Cannot read IP mode file for STMicroelectronics.FP-ATR-SIGFOX1.3.2.0
2026-01-12 00:55:44,420 [WARN] PackLoader:240 - Cannot read IP mode file for ITTIA_DB.I-CUBE-ITTIADB.8.9.0
2026-01-12 00:55:44,425 [WARN] PackLoader:240 - Cannot read IP mode file for STMicroelectronics.X-CUBE-AI.10.2.0
2026-01-12 00:55:44,456 [WARN] PackLoader:240 - Cannot read IP mode file for SEGGER.I-CUBE-embOS.1.3.1
2026-01-12 00:55:44,508 [WARN] PackLoader:240 - Cannot read IP mode file for STMicroelectronics.X-CUBE-ALGOBUILD.1.4.0
2026-01-12 00:55:44,532 [ERROR] LogOutputStream:75 - [STDERR_REDIRECT] [Fatal Error] :1:1: Premature end of file.
2026-01-12 00:55:44,533 [ERROR] LogOutputStream:75 - [STDERR_REDIRECT] 
2026-01-12 00:55:44,552 [WARN] PackLoader:240 - Cannot read IP mode file for STMicroelectronics.X-CUBE-MEMS1.11.3.0
2026-01-12 00:55:44,673 [WARN] PackLoader:240 - Cannot read IP mode file for STMicroelectronics.X-CUBE-PM33A1.1.0.0
2026-01-12 00:55:44,696 [WARN] PackLoader:240 - Cannot read IP mode file for STMicroelectronics.X-CUBE-AZRTOS-F4.1.1.0
2026-01-12 00:55:44,704 [WARN] PackLoader:240 - Cannot read IP mode file for STMicroelectronics.X-CUBE-ISPU.2.1.0
2026-01-12 00:55:44,718 [WARN] PackLoader:240 - Cannot read IP mode file for STMicroelectronics.X-CUBE-IPS.3.2.0
2026-01-12 00:55:44,733 [WARN] PackLoader:240 - Cannot read IP mode file for STMicroelectronics.X-CUBE-NFC12.1.0.0
2026-01-12 00:55:44,750 [WARN] PackLoader:240 - Cannot read IP mode file for STMicroelectronics.X-CUBE-AZRTOS-L5.2.0.0
2026-01-12 00:55:44,761 [WARN] PackLoader:240 - Cannot read IP mode file for STMicroelectronics.X-CUBE-NFC6.3.1.0
2026-01-12 00:55:44,770 [WARN] PackLoader:240 - Cannot read IP mode file for STMicroelectronics.X-CUBE-FREERTOS.1.3.1
2026-01-12 00:55:44,778 [WARN] PackLoader:240 - Cannot read IP mode file for STMicroelectronics.X-CUBE-TOUCHGFX.4.26.0
2026-01-12 00:55:44,787 [WARN] PackLoader:240 - Cannot read IP mode file for STMicroelectronics.FP-SNS-STAIOTCFT.1.0.0
2026-01-12 00:55:44,795 [WARN] PackLoader:240 - Cannot read IP mode file for STMicroelectronics.X-CUBE-DPower.1.3.0
2026-01-12 00:55:44,815 [WARN] ConditionMgr:438 - getConditionDescription Invalid condition id : LAN8742 Phy interface Condition cause : null
2026-01-12 00:55:44,816 [WARN] PackLoader:240 - Cannot read IP mode file for STMicroelectronics.X-CUBE-AZRTOS-L4.2.0.0
2026-01-12 00:55:44,818 [WARN] ConditionMgr:1044 - genDependencies : Invalid condition id : LAN8742 Phy interface Condition cause : null
2026-01-12 00:55:44,819 [WARN] ConditionMgr:1044 - genDependencies : Invalid condition id : LAN8742 Phy interface Condition cause : null
2026-01-12 00:55:44,819 [WARN] ConditionMgr:1044 - genDependencies : Invalid condition id : LAN8742 Phy interface Condition cause : null
2026-01-12 00:55:44,829 [WARN] PackLoader:240 - Cannot read IP mode file for STMicroelectronics.X-CUBE-SFXS2LP1.4.0.0
2026-01-12 00:55:44,842 [WARN] PackLoader:240 - Cannot read IP mode file for STMicroelectronics.X-CUBE-BLEMGR.4.1.0
2026-01-12 00:55:44,857 [WARN] ConditionMgr:438 - getConditionDescription Invalid condition id : UX DEVICE CLASS RTOS Condition cause : null
2026-01-12 00:55:44,857 [WARN] ConditionMgr:438 - getConditionDescription Invalid condition id : UX DEVICE CLASS RTOS Condition cause : null
2026-01-12 00:55:44,858 [WARN] PackLoader:240 - Cannot read IP mode file for STMicroelectronics.X-CUBE-AZRTOS-WB.2.0.0
2026-01-12 00:55:44,859 [WARN] ConditionMgr:1044 - genDependencies : Invalid condition id : UX DEVICE CLASS RTOS Condition cause : null
2026-01-12 00:55:44,859 [WARN] ConditionMgr:1044 - genDependencies : Invalid condition id : UX DEVICE CLASS RTOS Condition cause : null
2026-01-12 00:55:44,860 [WARN] ConditionMgr:1044 - genDependencies : Invalid condition id : UX DEVICE CLASS RTOS Condition cause : null
2026-01-12 00:55:44,861 [WARN] ConditionMgr:1044 - genDependencies : Invalid condition id : UX DEVICE CLASS RTOS Condition cause : null
2026-01-12 00:55:44,861 [WARN] ConditionMgr:1044 - genDependencies : Invalid condition id : UX DEVICE CLASS RTOS Condition cause : null
2026-01-12 00:55:44,869 [WARN] ConditionMgr:438 - getConditionDescription Invalid condition id : Cortex-A Device cause : null
2026-01-12 00:55:44,881 [WARN] ConditionMgr:1044 - genDependencies : Invalid condition id : Cortex-A Device cause : null
2026-01-12 00:55:44,881 [WARN] ConditionMgr:1044 - genDependencies : Invalid condition id : Cortex-A Device cause : null
2026-01-12 00:55:44,882 [WARN] ConditionMgr:1044 - genDependencies : Invalid condition id : Cortex-A Device cause : null
2026-01-12 00:55:44,894 [WARN] PackLoader:240 - Cannot read IP mode file for STMicroelectronics.X-CUBE-SUBG2.5.0.0
2026-01-12 00:55:44,918 [WARN] PackLoader:240 - Cannot read IP mode file for STMicroelectronics.X-CUBE-AZRTOS-H7RS.1.1.0
2026-01-12 00:55:44,934 [WARN] PackLoader:240 - Cannot read IP mode file for STMicroelectronics.X-CUBE-AZRTOS-G4.2.0.0
2026-01-12 00:55:44,941 [WARN] PackLoader:240 - Cannot read IP mode file for wolfSSL.I-CUBE-wolfSSH.1.4.20
2026-01-12 00:55:44,949 [WARN] PackLoader:240 - Cannot read IP mode file for STMicroelectronics.X-CUBE-NFC7.2.0.0
2026-01-12 00:55:44,954 [WARN] PackLoader:240 - Cannot read IP mode file for STMicroelectronics.X-CUBE-ALS.1.0.2
2026-01-12 00:55:44,962 [WARN] PackLoader:240 - Cannot read IP mode file for STMicroelectronics.X-CUBE-STSE01.1.0.0
2026-01-12 00:55:44,976 [WARN] PackLoader:240 - Cannot read IP mode file for STMicroelectronics.X-CUBE-TOF1.3.4.3
2026-01-12 00:55:44,987 [INFO] ThirdParty:978 - Integrity check success = true
2026-01-12 00:55:44,988 [INFO] IntegrityCheckThread:100 - exiting critical section [integrity check]
2026-01-12 00:55:44,988 [INFO] IntegrityCheckThread:103 - End integrity checks thread
2026-01-12 00:55:45,491 [ERROR] LogOutputStream:75 - [STDERR_REDIRECT] [Fatal Error] :1:1: Premature end of file.
2026-01-12 00:55:45,491 [ERROR] LogOutputStream:75 - [STDERR_REDIRECT] 
2026-01-12 00:55:46,478 [ERROR] LogOutputStream:75 - [STDERR_REDIRECT] [Fatal Error] :1:1: Premature end of file.
2026-01-12 00:55:46,478 [ERROR] LogOutputStream:75 - [STDERR_REDIRECT] 
2026-01-12 00:55:47,478 [ERROR] LogOutputStream:75 - [STDERR_REDIRECT] [Fatal Error] :1:1: Premature end of file.
2026-01-12 00:55:47,479 [ERROR] LogOutputStream:75 - [STDERR_REDIRECT] 
2026-01-12 00:55:48,477 [ERROR] LogOutputStream:75 - [STDERR_REDIRECT] [Fatal Error] :1:1: Premature end of file.
2026-01-12 00:55:48,477 [ERROR] LogOutputStream:75 - [STDERR_REDIRECT] 
2026-01-12 00:55:49,476 [ERROR] LogOutputStream:75 - [STDERR_REDIRECT] [Fatal Error] :1:1: Premature end of file.
2026-01-12 00:55:49,477 [ERROR] LogOutputStream:75 - [STDERR_REDIRECT] 
2026-01-12 00:55:50,479 [ERROR] LogOutputStream:75 - [STDERR_REDIRECT] [Fatal Error] :1:1: Premature end of file.
2026-01-12 00:55:50,480 [ERROR] LogOutputStream:75 - [STDERR_REDIRECT] 
2026-01-12 00:55:51,479 [ERROR] LogOutputStream:75 - [STDERR_REDIRECT] [Fatal Error] :1:1: Premature end of file.
2026-01-12 00:55:51,479 [ERROR] LogOutputStream:75 - [STDERR_REDIRECT] 
2026-01-12 00:55:52,478 [ERROR] LogOutputStream:75 - [STDERR_REDIRECT] [Fatal Error] :1:1: Premature end of file.
2026-01-12 00:55:52,479 [ERROR] LogOutputStream:75 - [STDERR_REDIRECT] 
2026-01-12 00:55:53,474 [ERROR] LogOutputStream:75 - [STDERR_REDIRECT] [Fatal Error] :1:1: Premature end of file.
2026-01-12 00:55:53,474 [ERROR] LogOutputStream:75 - [STDERR_REDIRECT] 
2026-01-12 00:55:54,481 [ERROR] LogOutputStream:75 - [STDERR_REDIRECT] [Fatal Error] :1:1: Premature end of file.
2026-01-12 00:55:54,481 [ERROR] LogOutputStream:75 - [STDERR_REDIRECT] 
2026-01-12 00:55:55,506 [ERROR] LogOutputStream:75 - [STDERR_REDIRECT] [Fatal Error] :1:1: Premature end of file.
2026-01-12 00:55:55,507 [ERROR] LogOutputStream:75 - [STDERR_REDIRECT] 
2026-01-12 00:55:55,744 [ERROR] LogOutputStream:75 - [STDERR_REDIRECT] 
2026-01-12 00:55:55,746 [ERROR] LogOutputStream:75 - [STDERR_REDIRECT] 
