2026-01-11 16:58:12,071 [INFO] Activator:176 - 


2026-01-11 16:58:12,081 [INFO] Activator:177 - !SESSION log4j initialized
2026-01-11 16:58:14,863 [INFO] LogOutputStream:77 - [STDOUT_REDIRECT] 
2026-01-11 16:58:18,560 [INFO] ApplicationProperties:184 - Using Application install path: C:\ST\STM32CubeIDE_1.19.0\STM32CubeIDE\plugins\com.st.stm32cube.common.mx_6.15.0.202507011659
2026-01-11 16:58:18,584 [INFO] DbMcusXml:78 - Set database path to: C:\ST\STM32CubeIDE_1.19.0\STM32CubeIDE\plugins\com.st.stm32cube.common.mx_6.15.0.202507011659\\db\/mcu/
2026-01-11 16:58:18,585 [INFO] ApiDb:274 - Set plugin database path to: C:\ST\STM32CubeIDE_1.19.0\STM32CubeIDE\plugins\com.st.stm32cube.common.mx_6.15.0.202507011659\\db\/plugins/boardmanager/
2026-01-11 16:58:18,587 [WARN] ApiDb:259 - Overriding images path with different value:  => C:\ST\STM32CubeIDE_1.19.0\STM32CubeIDE\plugins\com.st.stm32cube.common.mx_6.15.0.202507011659\\db\/plugins/mcufinder/images/
2026-01-11 16:58:18,596 [INFO] ApiDb:250 - Set database path to: C:\Users\sreer\.stmcufinder\plugins\mcufinder//mcu/
2026-01-11 16:58:18,597 [INFO] DbMcusAds:125 - Set database path to: C:\Users\sreer\.stmcufinder\plugins\mcufinder//mcu/
2026-01-11 16:58:18,601 [INFO] CrossReferenceDbSqlite:203 - Set database path to: C:\Users\sreer\.stmcufinder\plugins\mcufinder//mcu/cs/
2026-01-11 16:58:18,803 [INFO] RulesReader:64 - Compatibility file has been processed (317 Rules)
2026-01-11 16:58:18,919 [INFO] DbMcusXml:78 - Set database path to: C:\ST\STM32CubeIDE_1.19.0\STM32CubeIDE\plugins\com.st.stm32cube.common.mx_6.15.0.202507011659\\db\/mcu/
2026-01-11 16:58:18,919 [INFO] ApiDb:274 - Set plugin database path to: C:\ST\STM32CubeIDE_1.19.0\STM32CubeIDE\plugins\com.st.stm32cube.common.mx_6.15.0.202507011659\\db\/plugins/boardmanager/
2026-01-11 16:58:18,919 [INFO] ApiDb:261 - Set plugin images path to: C:\ST\STM32CubeIDE_1.19.0\STM32CubeIDE\plugins\com.st.stm32cube.common.mx_6.15.0.202507011659\\db\/plugins/mcufinder/images/
2026-01-11 16:58:18,920 [WARN] DbFile:41 - Overriding database path with different value: C:\Users\sreer\.stmcufinder\plugins\mcufinder/ => C:\Users\sreer\.stmcufinder\plugins\mcufinder
2026-01-11 16:58:18,920 [INFO] ApiDb:250 - Set database path to: C:\Users\sreer\.stmcufinder\plugins\mcufinder//mcu/
2026-01-11 16:58:18,920 [WARN] DbFile:41 - Overriding database path with different value: C:\Users\sreer\.stmcufinder\plugins\mcufinder/ => C:\Users\sreer\.stmcufinder\plugins\mcufinder
2026-01-11 16:58:18,920 [INFO] DbMcusAds:125 - Set database path to: C:\Users\sreer\.stmcufinder\plugins\mcufinder//mcu/
2026-01-11 16:58:18,920 [WARN] DbFile:41 - Overriding database path with different value: C:\Users\sreer\.stmcufinder\plugins\mcufinder/ => C:\Users\sreer\.stmcufinder\plugins\mcufinder
2026-01-11 16:58:18,920 [WARN] DbFile:41 - Overriding database path with different value: C:\Users\sreer\.stmcufinder\plugins\mcufinder/ => C:\Users\sreer\.stmcufinder\plugins\mcufinder
2026-01-11 16:58:18,920 [INFO] CrossReferenceDbSqlite:203 - Set database path to: C:\Users\sreer\.stmcufinder\plugins\mcufinder//mcu/cs/
2026-01-11 16:58:19,141 [INFO] MainPanel:274 - HeapMemory: 268435456
2026-01-11 16:58:19,368 [INFO] DbMcusXml:78 - Set database path to: C:\ST\STM32CubeIDE_1.19.0\STM32CubeIDE\plugins\com.st.stm32cube.common.mx_6.15.0.202507011659\\db\/mcu/
2026-01-11 16:58:19,368 [INFO] ApiDb:274 - Set plugin database path to: C:\ST\STM32CubeIDE_1.19.0\STM32CubeIDE\plugins\com.st.stm32cube.common.mx_6.15.0.202507011659\\db\/plugins/boardmanager/
2026-01-11 16:58:19,368 [INFO] ApiDb:261 - Set plugin images path to: C:\ST\STM32CubeIDE_1.19.0\STM32CubeIDE\plugins\com.st.stm32cube.common.mx_6.15.0.202507011659\\db\/plugins/mcufinder/images/
2026-01-11 16:58:19,368 [WARN] DbFile:41 - Overriding database path with different value: C:\Users\sreer\.stmcufinder\plugins\mcufinder/ => C:\Users\sreer\.stmcufinder\plugins\mcufinder
2026-01-11 16:58:19,369 [INFO] ApiDb:250 - Set database path to: C:\Users\sreer\.stmcufinder\plugins\mcufinder//mcu/
2026-01-11 16:58:19,369 [WARN] DbFile:41 - Overriding database path with different value: C:\Users\sreer\.stmcufinder\plugins\mcufinder/ => C:\Users\sreer\.stmcufinder\plugins\mcufinder
2026-01-11 16:58:19,369 [INFO] DbMcusAds:125 - Set database path to: C:\Users\sreer\.stmcufinder\plugins\mcufinder//mcu/
2026-01-11 16:58:19,369 [WARN] DbFile:41 - Overriding database path with different value: C:\Users\sreer\.stmcufinder\plugins\mcufinder/ => C:\Users\sreer\.stmcufinder\plugins\mcufinder
2026-01-11 16:58:19,369 [WARN] DbFile:41 - Overriding database path with different value: C:\Users\sreer\.stmcufinder\plugins\mcufinder/ => C:\Users\sreer\.stmcufinder\plugins\mcufinder
2026-01-11 16:58:19,369 [INFO] CrossReferenceDbSqlite:203 - Set database path to: C:\Users\sreer\.stmcufinder\plugins\mcufinder//mcu/cs/
2026-01-11 16:58:19,399 [INFO] ApplicationProperties:184 - Using Application install path: C:\ST\STM32CubeIDE_1.19.0\STM32CubeIDE\plugins\com.st.stm32cube.common.mx_6.15.0.202507011659
2026-01-11 16:58:19,401 [INFO] PluginManage:196 - Search for loadable plugins [exclusion list=, ]
2026-01-11 16:58:19,403 [INFO] PluginManage:310 - Check plugin analytics
2026-01-11 16:58:19,864 [INFO] AnalyticsPlugin:253 - Accepted Software Licenses: STM32CubeMX.6.16.0
2026-01-11 16:58:19,865 [INFO] AnalyticsPlugin:255 - Accepted CMSIS Pack Licenses: 
2026-01-11 16:58:19,865 [INFO] AnalyticsPlugin:257 - Accepted Firmware Licenses: FW.F4.1.28.0,FW.G0.1.6.0
2026-01-11 16:58:19,866 [INFO] PluginManage:359 - Loaded plugin analytics (category:tool,tabindex:-1)
2026-01-11 16:58:19,867 [INFO] PluginManage:310 - Check plugin cadmodel
2026-01-11 16:58:19,878 [INFO] CADModel:105 - Init CAD model plugin
2026-01-11 16:58:19,878 [INFO] PluginManage:359 - Loaded plugin cadmodel (category:power,tabindex:5)
2026-01-11 16:58:19,879 [INFO] PluginManage:310 - Check plugin clock
2026-01-11 16:58:19,898 [INFO] PluginManage:359 - Loaded plugin clock (category:base,tabindex:2)
2026-01-11 16:58:19,899 [INFO] PluginManage:310 - Check plugin ddr
2026-01-11 16:58:19,905 [INFO] PluginManage:359 - Loaded plugin ddr (category:tool,tabindex:6)
2026-01-11 16:58:19,906 [INFO] PluginManage:310 - Check plugin filemanager
2026-01-11 16:58:20,250 [INFO] PluginManage:359 - Loaded plugin filemanager (category:base,tabindex:10)
2026-01-11 16:58:20,251 [INFO] PluginManage:310 - Check plugin ipmanager
2026-01-11 16:58:20,268 [INFO] PluginManage:359 - Loaded plugin ipmanager (category:base,tabindex:5)
2026-01-11 16:58:20,268 [INFO] PluginManage:310 - Check plugin lpbam
2026-01-11 16:58:20,286 [INFO] PluginManage:359 - Loaded plugin lpbam (category:base,tabindex:0)
2026-01-11 16:58:20,286 [INFO] PluginManage:310 - Check plugin memorymap
2026-01-11 16:58:20,352 [INFO] PluginManage:359 - Loaded plugin memorymap (category:base,tabindex:4)
2026-01-11 16:58:20,352 [INFO] PluginManage:310 - Check plugin pinoutandconfiguration
2026-01-11 16:58:20,369 [INFO] PluginManage:359 - Loaded plugin pinoutandconfiguration (category:base,tabindex:1)
2026-01-11 16:58:20,369 [INFO] PluginManage:310 - Check plugin pinoutconfig
2026-01-11 16:58:20,649 [WARN] SupportedApi:132 - Cannot load RTOS API schema: s4s-elt-must-match.1: The content of 'definitions' must match (annotation?, (simpleType | complexType)?, (unique | key | keyref)*)). A problem was found starting at: attribute.
2026-01-11 16:58:21,029 [INFO] PluginManage:359 - Loaded plugin pinoutconfig (category:base,tabindex:0)
2026-01-11 16:58:21,030 [INFO] PluginManage:310 - Check plugin power
2026-01-11 16:58:21,041 [INFO] PluginManage:359 - Loaded plugin power (category:power,tabindex:4)
2026-01-11 16:58:21,041 [INFO] PluginManage:310 - Check plugin projectmanager
2026-01-11 16:58:21,070 [INFO] PluginManage:359 - Loaded plugin projectmanager (category:projectmanager,tabindex:4)
2026-01-11 16:58:21,071 [INFO] PluginManage:310 - Check plugin rif
2026-01-11 16:58:21,085 [INFO] PluginManage:359 - Loaded plugin rif (category:base,tabindex:3)
2026-01-11 16:58:21,085 [INFO] PluginManage:310 - Check plugin thirdparty
2026-01-11 16:58:21,270 [WARN] IntegrityCheckThread:84 - waiting for thirdparty lock release [integrity check]
2026-01-11 16:58:21,270 [INFO] PluginManage:359 - Loaded plugin thirdparty (category:base,tabindex:-1)
2026-01-11 16:58:21,271 [INFO] IntegrityCheckThread:86 - entering critical section [integrity check]
2026-01-11 16:58:21,271 [INFO] PluginManage:310 - Check plugin tools
2026-01-11 16:58:21,271 [INFO] ThirdPartyUpdaterWithRetryManager:70 - Updater plugin not ready yet. [1/15]
2026-01-11 16:58:21,274 [INFO] PluginManage:359 - Loaded plugin tools (category:base,tabindex:7)
2026-01-11 16:58:21,275 [INFO] PluginManage:310 - Check plugin tutovideos
2026-01-11 16:58:21,517 [INFO] PluginManage:359 - Loaded plugin tutovideos (category:base,tabindex:-1)
2026-01-11 16:58:21,517 [INFO] PluginManage:310 - Check plugin updater
2026-01-11 16:58:21,542 [INFO] PluginManage:359 - Loaded plugin updater (category:base,tabindex:12)
2026-01-11 16:58:21,542 [INFO] PluginManage:310 - Check plugin userauth
2026-01-11 16:58:21,548 [INFO] UserAuth:118 - Init User Auth plugin
2026-01-11 16:58:21,549 [INFO] PluginManage:359 - Loaded plugin userauth (category:base,tabindex:14)
2026-01-11 16:58:21,549 [INFO] PluginManage:283 - PluginManage : Loaded plugins [18]
2026-01-11 16:58:21,801 [INFO] PinOutPanel:1589 - setPackage(No Configuration,No Configuration)
2026-01-11 16:58:21,906 [INFO] CADModel:165 - CPN selected for project level
2026-01-11 16:58:21,906 [INFO] CADModel:114 - Register for checkConnection events
2026-01-11 16:58:21,929 [INFO] IPUIPlugin:80 - create IPUIPlugin
2026-01-11 16:58:21,930 [INFO] PluginManager:220 - loadIPPluginJar : add adc
2026-01-11 16:58:21,932 [INFO] IPUIPlugin:80 - create IPUIPlugin
2026-01-11 16:58:21,933 [INFO] PluginManager:220 - loadIPPluginJar : add aes
2026-01-11 16:58:21,936 [INFO] IPUIPlugin:80 - create IPUIPlugin
2026-01-11 16:58:21,936 [INFO] PluginManager:220 - loadIPPluginJar : add can
2026-01-11 16:58:21,938 [INFO] IPUIPlugin:80 - create IPUIPlugin
2026-01-11 16:58:21,938 [INFO] PluginManager:220 - loadIPPluginJar : add comp
2026-01-11 16:58:21,943 [INFO] IPUIPlugin:80 - create IPUIPlugin
2026-01-11 16:58:21,943 [INFO] PluginManager:220 - loadIPPluginJar : add cryp
2026-01-11 16:58:21,946 [INFO] IPUIPlugin:80 - create IPUIPlugin
2026-01-11 16:58:21,947 [INFO] PluginManager:220 - loadIPPluginJar : add ddr_ctrl_phy
2026-01-11 16:58:21,950 [INFO] IPUIPlugin:80 - create IPUIPlugin
2026-01-11 16:58:21,950 [INFO] PluginManager:220 - loadIPPluginJar : add dfsdm
2026-01-11 16:58:21,956 [INFO] IPUIPlugin:80 - create IPUIPlugin
2026-01-11 16:58:21,957 [INFO] PluginManager:220 - loadIPPluginJar : add dma
2026-01-11 16:58:21,962 [INFO] IPUIPlugin:80 - create IPUIPlugin
2026-01-11 16:58:21,962 [INFO] PluginManager:220 - loadIPPluginJar : add dma3
2026-01-11 16:58:21,965 [INFO] IPUIPlugin:80 - create IPUIPlugin
2026-01-11 16:58:21,965 [INFO] PluginManager:220 - loadIPPluginJar : add extmemmanager
2026-01-11 16:58:21,968 [INFO] IPUIPlugin:80 - create IPUIPlugin
2026-01-11 16:58:21,968 [INFO] PluginManager:220 - loadIPPluginJar : add fatfs
2026-01-11 16:58:21,974 [INFO] IPUIPlugin:80 - create IPUIPlugin
2026-01-11 16:58:21,974 [INFO] PluginManager:220 - loadIPPluginJar : add fmc
2026-01-11 16:58:21,985 [INFO] IPUIPlugin:80 - create IPUIPlugin
2026-01-11 16:58:21,986 [INFO] PluginManager:220 - loadIPPluginJar : add freertos
2026-01-11 16:58:21,988 [INFO] IPUIPlugin:80 - create IPUIPlugin
2026-01-11 16:58:21,988 [INFO] PluginManager:220 - loadIPPluginJar : add genericplugin
2026-01-11 16:58:21,991 [INFO] IPUIPlugin:80 - create IPUIPlugin
2026-01-11 16:58:21,991 [INFO] PluginManager:220 - loadIPPluginJar : add gfxmmu
2026-01-11 16:58:21,998 [INFO] IPUIPlugin:80 - create IPUIPlugin
2026-01-11 16:58:21,998 [INFO] PluginManager:220 - loadIPPluginJar : add gic
2026-01-11 16:58:22,003 [INFO] IPUIPlugin:80 - create IPUIPlugin
2026-01-11 16:58:22,003 [INFO] PluginManager:220 - loadIPPluginJar : add gpio
2026-01-11 16:58:22,006 [INFO] IPUIPlugin:80 - create IPUIPlugin
2026-01-11 16:58:22,006 [INFO] PluginManager:220 - loadIPPluginJar : add gtzc
2026-01-11 16:58:22,009 [INFO] IPUIPlugin:80 - create IPUIPlugin
2026-01-11 16:58:22,009 [INFO] PluginManager:220 - loadIPPluginJar : add hash
2026-01-11 16:58:22,011 [INFO] IPUIPlugin:80 - create IPUIPlugin
2026-01-11 16:58:22,012 [INFO] PluginManager:220 - loadIPPluginJar : add i2c
2026-01-11 16:58:22,015 [INFO] IPUIPlugin:80 - create IPUIPlugin
2026-01-11 16:58:22,016 [INFO] PluginManager:220 - loadIPPluginJar : add i2s
2026-01-11 16:58:22,018 [INFO] IPUIPlugin:80 - create IPUIPlugin
2026-01-11 16:58:22,020 [INFO] PluginManager:220 - loadIPPluginJar : add i3c
2026-01-11 16:58:22,026 [INFO] IPUIPlugin:80 - create IPUIPlugin
2026-01-11 16:58:22,026 [INFO] PluginManager:220 - loadIPPluginJar : add ipddr
2026-01-11 16:58:22,033 [INFO] IPUIPlugin:80 - create IPUIPlugin
2026-01-11 16:58:22,033 [INFO] PluginManager:220 - loadIPPluginJar : add linkedlist
2026-01-11 16:58:22,036 [INFO] IPUIPlugin:80 - create IPUIPlugin
2026-01-11 16:58:22,037 [INFO] PluginManager:220 - loadIPPluginJar : add lorawan
2026-01-11 16:58:22,038 [INFO] IPUIPlugin:80 - create IPUIPlugin
2026-01-11 16:58:22,038 [INFO] PluginManager:220 - loadIPPluginJar : add ltdc
2026-01-11 16:58:22,043 [INFO] IPUIPlugin:80 - create IPUIPlugin
2026-01-11 16:58:22,043 [INFO] PluginManager:220 - loadIPPluginJar : add mdma
2026-01-11 16:58:22,047 [INFO] IPUIPlugin:80 - create IPUIPlugin
2026-01-11 16:58:22,047 [INFO] PluginManager:220 - loadIPPluginJar : add nvic
2026-01-11 16:58:22,051 [INFO] IPUIPlugin:80 - create IPUIPlugin
2026-01-11 16:58:22,051 [INFO] PluginManager:220 - loadIPPluginJar : add opamp
2026-01-11 16:58:22,053 [INFO] IPUIPlugin:80 - create IPUIPlugin
2026-01-11 16:58:22,053 [INFO] PluginManager:220 - loadIPPluginJar : add openamp
2026-01-11 16:58:22,056 [INFO] IPUIPlugin:80 - create IPUIPlugin
2026-01-11 16:58:22,056 [INFO] PluginManager:220 - loadIPPluginJar : add pdm2pcm
2026-01-11 16:58:22,064 [INFO] IPUIPlugin:80 - create IPUIPlugin
2026-01-11 16:58:22,067 [INFO] PluginManager:220 - loadIPPluginJar : add plateformsettings
2026-01-11 16:58:22,069 [INFO] IPUIPlugin:80 - create IPUIPlugin
2026-01-11 16:58:22,069 [INFO] PluginManager:220 - loadIPPluginJar : add quadspi
2026-01-11 16:58:22,071 [INFO] IPUIPlugin:80 - create IPUIPlugin
2026-01-11 16:58:22,071 [INFO] PluginManager:220 - loadIPPluginJar : add radio
2026-01-11 16:58:22,076 [INFO] IPUIPlugin:80 - create IPUIPlugin
2026-01-11 16:58:22,076 [INFO] PluginManager:220 - loadIPPluginJar : add resmgrutility
2026-01-11 16:58:22,078 [INFO] IPUIPlugin:80 - create IPUIPlugin
2026-01-11 16:58:22,078 [INFO] PluginManager:220 - loadIPPluginJar : add sai
2026-01-11 16:58:22,082 [INFO] IPUIPlugin:80 - create IPUIPlugin
2026-01-11 16:58:22,082 [INFO] PluginManager:220 - loadIPPluginJar : add spi
2026-01-11 16:58:22,086 [INFO] IPUIPlugin:80 - create IPUIPlugin
2026-01-11 16:58:22,086 [INFO] PluginManager:220 - loadIPPluginJar : add stm32_wpan
2026-01-11 16:58:22,087 [INFO] IPUIPlugin:80 - create IPUIPlugin
2026-01-11 16:58:22,087 [INFO] PluginManager:220 - loadIPPluginJar : add tim
2026-01-11 16:58:22,091 [INFO] IPUIPlugin:80 - create IPUIPlugin
2026-01-11 16:58:22,091 [INFO] PluginManager:220 - loadIPPluginJar : add touchsensing
2026-01-11 16:58:22,094 [INFO] IPUIPlugin:80 - create IPUIPlugin
2026-01-11 16:58:22,095 [INFO] PluginManager:220 - loadIPPluginJar : add tracer_emb
2026-01-11 16:58:22,096 [INFO] IPUIPlugin:80 - create IPUIPlugin
2026-01-11 16:58:22,096 [INFO] PluginManager:220 - loadIPPluginJar : add ts
2026-01-11 16:58:22,098 [INFO] IPUIPlugin:80 - create IPUIPlugin
2026-01-11 16:58:22,098 [INFO] PluginManager:220 - loadIPPluginJar : add tsc
2026-01-11 16:58:22,100 [INFO] IPUIPlugin:80 - create IPUIPlugin
2026-01-11 16:58:22,101 [INFO] PluginManager:220 - loadIPPluginJar : add ucpd
2026-01-11 16:58:22,103 [INFO] IPUIPlugin:80 - create IPUIPlugin
2026-01-11 16:58:22,103 [INFO] PluginManager:220 - loadIPPluginJar : add usart
2026-01-11 16:58:22,105 [INFO] IPUIPlugin:80 - create IPUIPlugin
2026-01-11 16:58:22,105 [INFO] PluginManager:220 - loadIPPluginJar : add usbx
2026-01-11 16:58:22,252 [FATAL] Updater:351 - Updater called before beeing initialized
2026-01-11 16:58:22,286 [INFO] RulesReader:64 - Compatibility file has been processed (317 Rules)
2026-01-11 16:58:22,298 [INFO] RulesReader:64 - Compatibility file has been processed (317 Rules)
2026-01-11 16:58:22,313 [INFO] CADModel:165 - CPN selected for project level
2026-01-11 16:58:22,314 [INFO] CADModel:114 - Register for checkConnection events
2026-01-11 16:58:22,314 [FATAL] Updater:351 - Updater called before beeing initialized
2026-01-11 16:58:22,314 [ERROR] CADModel:125 - Updater not yet initialized, retry later 
2026-01-11 16:58:22,507 [FATAL] Updater:351 - Updater called before beeing initialized
2026-01-11 16:58:22,509 [INFO] CADModel:165 - CPN selected for project level
2026-01-11 16:58:22,509 [INFO] CADModel:114 - Register for checkConnection events
2026-01-11 16:58:22,510 [FATAL] Updater:351 - Updater called before beeing initialized
2026-01-11 16:58:22,510 [ERROR] CADModel:125 - Updater not yet initialized, retry later 
2026-01-11 16:58:22,513 [FATAL] Updater:351 - Updater called before beeing initialized
2026-01-11 16:58:22,674 [FATAL] Updater:351 - Updater called before beeing initialized
2026-01-11 16:58:22,679 [INFO] DbMcusAds:53 - JSON generation date=Thu Jan 08 21:26:32 IST 2026 (1767887792457)
2026-01-11 16:58:22,679 [FATAL] Updater:351 - Updater called before beeing initialized
2026-01-11 16:58:22,721 [WARN] DetailPanel:346 - Failed to get advertising image, set to default
2026-01-11 16:58:22,812 [FATAL] Updater:351 - Updater called before beeing initialized
2026-01-11 16:58:22,814 [FATAL] Updater:351 - Updater called before beeing initialized
2026-01-11 16:58:22,814 [FATAL] Updater:351 - Updater called before beeing initialized
2026-01-11 16:58:22,814 [WARN] DetailPanel:346 - Failed to get advertising image, set to default
2026-01-11 16:58:22,815 [FATAL] Updater:351 - Updater called before beeing initialized
2026-01-11 16:58:22,881 [ERROR] Updater:1198 - MainUpdater not yet initialized. External WinMGr cannot be set.
2026-01-11 16:58:22,884 [INFO] Updater:1134 - Updater Version found : 6.15.0
2026-01-11 16:58:22,900 [INFO] ApplicationProperties:184 - Using Application install path: C:\ST\STM32CubeIDE_1.19.0\STM32CubeIDE\plugins\com.st.stm32cube.common.mx_6.15.0.202507011659
2026-01-11 16:58:24,278 [INFO] ThirdPartyUpdaterWithRetryManager:70 - Updater plugin not ready yet. [2/15]
2026-01-11 16:58:24,514 [ERROR] LogOutputStream:75 - [STDERR_REDIRECT] Jan 11, 2026 4:58:24 PM java.util.prefs.WindowsPreferences <init>
2026-01-11 16:58:24,515 [ERROR] LogOutputStream:75 - [STDERR_REDIRECT] WARNING: Could not open/create prefs root node Software\JavaSoft\Prefs at root 0xffffffff80000002. Windows RegCreateKeyEx(...) returned error code 5.
2026-01-11 16:58:24,515 [ERROR] LogOutputStream:75 - [STDERR_REDIRECT] 
2026-01-11 16:58:24,956 [INFO] MainUpdater:2872 - connection check result : 10
2026-01-11 16:58:24,956 [INFO] MainUpdater:289 - Updater Check For Update Now.
2026-01-11 16:58:24,959 [INFO] MicroXplorer:498 - Change Database Version : DB.6.0.150
2026-01-11 16:58:24,967 [INFO] McuFinderGlobals:63 - Set McuFinder mode to 2 (CubeIDE integrated)
2026-01-11 16:58:24,969 [INFO] UserAuth:487 - Internet connection configuration mode: 1
2026-01-11 16:58:25,019 [INFO] JxBrowserEngine:152 - Initiate JxBrowser Engine with user profile folder
2026-01-11 16:58:25,185 [INFO] CheckServerUpdateThread:120 - End of CheckServer Thread
2026-01-11 16:58:26,046 [INFO] WebApp:169 - Instantiating new browser for Auth
2026-01-11 16:58:27,030 [INFO] WebApp:463 - Apply proxy settings
2026-01-11 16:58:27,030 [INFO] WebApp:548 - Chromium requires no authentication
2026-01-11 16:58:27,060 [INFO] WebApp:491 - Direct internet connection detected
2026-01-11 16:58:27,108 [INFO] WebApp:900 - Register for checkConnection events
2026-01-11 16:58:27,108 [INFO] WebApp:463 - Apply proxy settings
2026-01-11 16:58:27,108 [INFO] WebApp:548 - Chromium requires no authentication
2026-01-11 16:58:27,110 [INFO] WebApp:491 - Direct internet connection detected
2026-01-11 16:58:27,352 [INFO] WebApp:191 - Connection restablished
2026-01-11 16:58:27,524 [INFO] WebApp:225 - Starting web application
2026-01-11 16:58:27,524 [INFO] WebApp:593 - Web application path used C:\ST\STM32CubeIDE_1.19.0\STM32CubeIDE\plugins\com.st.stm32cube.common.mx_6.15.0.202507011659\db\plugins\mcufinder\reactClient1\index.html
2026-01-11 16:58:27,725 [INFO] UserAuth:487 - Internet connection configuration mode: 1
2026-01-11 16:58:27,828 [WARN] PackLoader:240 - Cannot read IP mode file for STMicroelectronics.FP-SNS-MOTENVWB1.1.4.0
2026-01-11 16:58:27,840 [WARN] PackLoader:240 - Cannot read IP mode file for STMicroelectronics.FP-ATR-ASTRA1.2.0.2
2026-01-11 16:58:27,853 [WARN] PackLoader:240 - Cannot read IP mode file for STMicroelectronics.X-CUBE-SMBUS.2.1.0
2026-01-11 16:58:27,895 [WARN] PackLoader:240 - Cannot read IP mode file for STMicroelectronics.X-CUBE-AZRTOS-F7.1.1.0
2026-01-11 16:58:27,912 [WARN] PackLoader:240 - Cannot read IP mode file for Cesanta.I-CUBE-Mongoose.7.19.0
2026-01-11 16:58:27,923 [WARN] PackLoader:240 - Cannot read IP mode file for STMicroelectronics.FP-SNS-MOTENV1.5.1.0
2026-01-11 16:58:27,946 [WARN] PackLoader:240 - Cannot read IP mode file for WES.I-CUBE-Cesium.1.4.0
2026-01-11 16:58:27,989 [WARN] PackLoader:240 - Cannot read IP mode file for Infineon.AIROC-Wi-Fi-Bluetooth-STM32.1.7.1
2026-01-11 16:58:28,039 [WARN] PackLoader:240 - Cannot read IP mode file for STMicroelectronics.X-CUBE-AZRTOS-H7.3.4.0
2026-01-11 16:58:28,057 [WARN] PackLoader:240 - Cannot read IP mode file for STMicroelectronics.X-CUBE-DISPLAY.3.0.0
2026-01-11 16:58:28,077 [WARN] PackLoader:240 - Cannot read IP mode file for STMicroelectronics.X-CUBE-NFC10.1.0.0
2026-01-11 16:58:28,090 [WARN] PackLoader:240 - Cannot read IP mode file for STMicroelectronics.X-CUBE-ST60.1.1.0
2026-01-11 16:58:28,102 [WARN] PackLoader:240 - Cannot read IP mode file for emotas.I-CUBE-CANOPEN.1.3.0
2026-01-11 16:58:28,112 [WARN] PackLoader:240 - Cannot read IP mode file for STMicroelectronics.X-CUBE-GNSS1.7.1.0
2026-01-11 16:58:28,124 [WARN] PackLoader:240 - Cannot read IP mode file for STMicroelectronics.FP-SNS-STBOX1.2.1.0
2026-01-11 16:58:28,133 [WARN] PackLoader:240 - Cannot read IP mode file for STMicroelectronics.FP-SNS-SMARTAG2.1.2.0
2026-01-11 16:58:28,141 [WARN] PackLoader:240 - Cannot read IP mode file for STMicroelectronics.FP-SNS-FLIGHT1.5.1.0
2026-01-11 16:58:28,153 [INFO] LogOutputStream:77 - [STDOUT_REDIRECT] 1 : Invalid condition id : UX_CORESTACK_Condition cause : null
2026-01-11 16:58:28,154 [INFO] LogOutputStream:77 - [STDOUT_REDIRECT] 1 : Invalid condition id : UX_CORESTACK_Condition cause : null
2026-01-11 16:58:28,157 [INFO] LogOutputStream:77 - [STDOUT_REDIRECT] 1 : Invalid condition id : UX_CORESTACK_Condition cause : null
2026-01-11 16:58:28,158 [INFO] LogOutputStream:77 - [STDOUT_REDIRECT] 1 : Invalid condition id : UX_CORESTACK_Condition cause : null
2026-01-11 16:58:28,159 [INFO] LogOutputStream:77 - [STDOUT_REDIRECT] 1 : Invalid condition id : UX_CORESTACK_Condition cause : null
2026-01-11 16:58:28,163 [WARN] PackLoader:240 - Cannot read IP mode file for STMicroelectronics.X-CUBE-AZRTOS-WL.2.0.0
2026-01-11 16:58:28,188 [WARN] PackLoader:240 - Cannot read IP mode file for STMicroelectronics.X-CUBE-AZRTOS-H7RS.1.2.0
2026-01-11 16:58:28,199 [WARN] PackLoader:240 - Cannot read IP mode file for STMicroelectronics.X-CUBE-BLE2.3.3.0
2026-01-11 16:58:28,242 [WARN] PackLoader:240 - Cannot read IP mode file for Infineon.AIROC-Wi-Fi-Bluetooth-STM32.1.8.0
2026-01-11 16:58:28,260 [WARN] PackLoader:240 - Cannot read IP mode file for STMicroelectronics.X-CUBE-NFC9.1.0.0
2026-01-11 16:58:28,269 [WARN] PackLoader:240 - Cannot read IP mode file for wolfSSL.I-CUBE-wolfSSL.5.8.2
2026-01-11 16:58:28,275 [WARN] PackLoader:240 - Cannot read IP mode file for STMicroelectronics.X-CUBE-BLE1.7.1.0
2026-01-11 16:58:28,280 [WARN] PackLoader:240 - Cannot read IP mode file for wolfSSL.I-CUBE-wolfMQTT.1.19.2
2026-01-11 16:58:28,290 [WARN] PackLoader:240 - Cannot read IP mode file for STMicroelectronics.X-CUBE-FREERTOS.1.4.0
2026-01-11 16:58:28,296 [WARN] PackLoader:240 - Cannot read IP mode file for STMicroelectronics.X-CUBE-EEPRMA1.5.2.0
2026-01-11 16:58:28,304 [WARN] PackLoader:240 - Cannot read IP mode file for wolfSSL.I-CUBE-wolfSSL.5.8.4
2026-01-11 16:58:28,312 [WARN] PackLoader:240 - Cannot read IP mode file for Cesanta.I-CUBE-Mongoose.7.20.0
2026-01-11 16:58:28,321 [WARN] PackLoader:240 - Cannot read IP mode file for STMicroelectronics.X-CUBE-ST67W61.1.1.0
2026-01-11 16:58:28,395 [WARN] PackLoader:240 - Cannot read IP mode file for STMicroelectronics.X-CUBE-MEMS1.12.0.0
2026-01-11 16:58:28,557 [WARN] PackLoader:240 - Cannot read IP mode file for STMicroelectronics.X-CUBE-AZRTOS-G0.1.1.0
2026-01-11 16:58:28,566 [WARN] PackLoader:240 - Cannot read IP mode file for STMicroelectronics.X-CUBE-NFC4.3.0.0
2026-01-11 16:58:28,576 [WARN] PackLoader:240 - Cannot read IP mode file for EmbeddedOffice.I-CUBE-FS-RTOS.1.0.1
2026-01-11 16:58:28,584 [WARN] PackLoader:240 - Cannot read IP mode file for STMicroelectronics.X-CUBE-WB05N.2.0.0
2026-01-11 16:58:28,591 [WARN] PackLoader:240 - Cannot read IP mode file for wolfSSL.I-CUBE-wolfTPM.3.8.0
2026-01-11 16:58:28,597 [WARN] PackLoader:240 - Cannot read IP mode file for STMicroelectronics.X-CUBE-TCPP.4.2.0
2026-01-11 16:58:28,606 [WARN] PackLoader:240 - Cannot read IP mode file for RealThread.X-CUBE-RT-Thread_Nano.4.1.1
2026-01-11 16:58:28,611 [WARN] PackLoader:240 - Cannot read IP mode file for STMicroelectronics.FP-ATR-SIGFOX1.3.2.0
2026-01-11 16:58:28,620 [WARN] PackLoader:240 - Cannot read IP mode file for ITTIA_DB.I-CUBE-ITTIADB.8.9.0
2026-01-11 16:58:28,626 [WARN] PackLoader:240 - Cannot read IP mode file for STMicroelectronics.X-CUBE-AI.10.2.0
2026-01-11 16:58:28,658 [WARN] PackLoader:240 - Cannot read IP mode file for SEGGER.I-CUBE-embOS.1.3.1
2026-01-11 16:58:28,730 [WARN] PackLoader:240 - Cannot read IP mode file for STMicroelectronics.X-CUBE-ALGOBUILD.1.4.0
2026-01-11 16:58:28,822 [WARN] PackLoader:240 - Cannot read IP mode file for STMicroelectronics.X-CUBE-MEMS1.11.3.0
2026-01-11 16:58:28,882 [ERROR] LogOutputStream:75 - [STDERR_REDIRECT] [Fatal Error] :1:1: Premature end of file.
2026-01-11 16:58:28,884 [ERROR] LogOutputStream:75 - [STDERR_REDIRECT] 
2026-01-11 16:58:28,999 [WARN] PackLoader:240 - Cannot read IP mode file for STMicroelectronics.X-CUBE-PM33A1.1.0.0
2026-01-11 16:58:29,019 [WARN] PackLoader:240 - Cannot read IP mode file for STMicroelectronics.X-CUBE-AZRTOS-F4.1.1.0
2026-01-11 16:58:29,028 [WARN] PackLoader:240 - Cannot read IP mode file for STMicroelectronics.X-CUBE-ISPU.2.1.0
2026-01-11 16:58:29,041 [WARN] PackLoader:240 - Cannot read IP mode file for STMicroelectronics.X-CUBE-IPS.3.2.0
2026-01-11 16:58:29,059 [WARN] PackLoader:240 - Cannot read IP mode file for STMicroelectronics.X-CUBE-NFC12.1.0.0
2026-01-11 16:58:29,081 [WARN] PackLoader:240 - Cannot read IP mode file for STMicroelectronics.X-CUBE-AZRTOS-L5.2.0.0
2026-01-11 16:58:29,093 [WARN] PackLoader:240 - Cannot read IP mode file for STMicroelectronics.X-CUBE-NFC6.3.1.0
2026-01-11 16:58:29,103 [WARN] PackLoader:240 - Cannot read IP mode file for STMicroelectronics.X-CUBE-FREERTOS.1.3.1
2026-01-11 16:58:29,112 [WARN] PackLoader:240 - Cannot read IP mode file for STMicroelectronics.X-CUBE-TOUCHGFX.4.26.0
2026-01-11 16:58:29,122 [WARN] PackLoader:240 - Cannot read IP mode file for STMicroelectronics.FP-SNS-STAIOTCFT.1.0.0
2026-01-11 16:58:29,141 [WARN] PackLoader:240 - Cannot read IP mode file for STMicroelectronics.X-CUBE-DPower.1.3.0
2026-01-11 16:58:29,164 [WARN] ConditionMgr:438 - getConditionDescription Invalid condition id : LAN8742 Phy interface Condition cause : null
2026-01-11 16:58:29,164 [WARN] PackLoader:240 - Cannot read IP mode file for STMicroelectronics.X-CUBE-AZRTOS-L4.2.0.0
2026-01-11 16:58:29,167 [WARN] ConditionMgr:1044 - genDependencies : Invalid condition id : LAN8742 Phy interface Condition cause : null
2026-01-11 16:58:29,168 [WARN] ConditionMgr:1044 - genDependencies : Invalid condition id : LAN8742 Phy interface Condition cause : null
2026-01-11 16:58:29,168 [WARN] ConditionMgr:1044 - genDependencies : Invalid condition id : LAN8742 Phy interface Condition cause : null
2026-01-11 16:58:29,182 [WARN] PackLoader:240 - Cannot read IP mode file for STMicroelectronics.X-CUBE-SFXS2LP1.4.0.0
2026-01-11 16:58:29,198 [WARN] PackLoader:240 - Cannot read IP mode file for STMicroelectronics.X-CUBE-BLEMGR.4.1.0
2026-01-11 16:58:29,217 [WARN] ConditionMgr:438 - getConditionDescription Invalid condition id : UX DEVICE CLASS RTOS Condition cause : null
2026-01-11 16:58:29,218 [WARN] ConditionMgr:438 - getConditionDescription Invalid condition id : UX DEVICE CLASS RTOS Condition cause : null
2026-01-11 16:58:29,221 [WARN] PackLoader:240 - Cannot read IP mode file for STMicroelectronics.X-CUBE-AZRTOS-WB.2.0.0
2026-01-11 16:58:29,222 [WARN] ConditionMgr:1044 - genDependencies : Invalid condition id : UX DEVICE CLASS RTOS Condition cause : null
2026-01-11 16:58:29,223 [WARN] ConditionMgr:1044 - genDependencies : Invalid condition id : UX DEVICE CLASS RTOS Condition cause : null
2026-01-11 16:58:29,224 [WARN] ConditionMgr:1044 - genDependencies : Invalid condition id : UX DEVICE CLASS RTOS Condition cause : null
2026-01-11 16:58:29,224 [WARN] ConditionMgr:1044 - genDependencies : Invalid condition id : UX DEVICE CLASS RTOS Condition cause : null
2026-01-11 16:58:29,225 [WARN] ConditionMgr:1044 - genDependencies : Invalid condition id : UX DEVICE CLASS RTOS Condition cause : null
2026-01-11 16:58:29,234 [WARN] ConditionMgr:438 - getConditionDescription Invalid condition id : Cortex-A Device cause : null
2026-01-11 16:58:29,252 [WARN] ConditionMgr:1044 - genDependencies : Invalid condition id : Cortex-A Device cause : null
2026-01-11 16:58:29,252 [WARN] ConditionMgr:1044 - genDependencies : Invalid condition id : Cortex-A Device cause : null
2026-01-11 16:58:29,252 [WARN] ConditionMgr:1044 - genDependencies : Invalid condition id : Cortex-A Device cause : null
2026-01-11 16:58:29,264 [WARN] PackLoader:240 - Cannot read IP mode file for STMicroelectronics.X-CUBE-SUBG2.5.0.0
2026-01-11 16:58:29,288 [WARN] PackLoader:240 - Cannot read IP mode file for STMicroelectronics.X-CUBE-AZRTOS-H7RS.1.1.0
2026-01-11 16:58:29,303 [WARN] PackLoader:240 - Cannot read IP mode file for STMicroelectronics.X-CUBE-AZRTOS-G4.2.0.0
2026-01-11 16:58:29,312 [WARN] PackLoader:240 - Cannot read IP mode file for wolfSSL.I-CUBE-wolfSSH.1.4.20
2026-01-11 16:58:29,320 [WARN] PackLoader:240 - Cannot read IP mode file for STMicroelectronics.X-CUBE-NFC7.2.0.0
2026-01-11 16:58:29,327 [WARN] PackLoader:240 - Cannot read IP mode file for STMicroelectronics.X-CUBE-ALS.1.0.2
2026-01-11 16:58:29,337 [WARN] PackLoader:240 - Cannot read IP mode file for STMicroelectronics.X-CUBE-STSE01.1.0.0
2026-01-11 16:58:29,352 [WARN] PackLoader:240 - Cannot read IP mode file for STMicroelectronics.X-CUBE-TOF1.3.4.3
2026-01-11 16:58:29,368 [INFO] ThirdParty:978 - Integrity check success = true
2026-01-11 16:58:29,368 [INFO] IntegrityCheckThread:100 - exiting critical section [integrity check]
2026-01-11 16:58:29,368 [INFO] IntegrityCheckThread:103 - End integrity checks thread
2026-01-11 16:58:29,804 [ERROR] LogOutputStream:75 - [STDERR_REDIRECT] [Fatal Error] :1:1: Premature end of file.
2026-01-11 16:58:29,805 [ERROR] LogOutputStream:75 - [STDERR_REDIRECT] 
2026-01-11 16:58:30,800 [ERROR] LogOutputStream:75 - [STDERR_REDIRECT] [Fatal Error] :1:1: Premature end of file.
2026-01-11 16:58:30,800 [ERROR] LogOutputStream:75 - [STDERR_REDIRECT] 
2026-01-11 16:58:31,829 [ERROR] LogOutputStream:75 - [STDERR_REDIRECT] [Fatal Error] :1:1: Premature end of file.
2026-01-11 16:58:31,830 [ERROR] LogOutputStream:75 - [STDERR_REDIRECT] 
2026-01-11 16:58:31,953 [ERROR] LogOutputStream:75 - [STDERR_REDIRECT] 
2026-01-11 16:58:31,954 [ERROR] LogOutputStream:75 - [STDERR_REDIRECT] 
